<?xml version="1.0" ?>
<!DOCTYPE coverage SYSTEM "http://cobertura.sourceforge.net/xml/coverage-04.dtd">
<coverage lines-valid="2120"  lines-covered="1539"  line-rate="0.7259"  branches-valid="468"  branches-covered="213"  branch-rate="0.4551"  timestamp="1458993505866" complexity="0" version="0.1">
<sources>
	<source>D:\jenkins\workspace\Modus - (parameterized) Package\client</source>
</sources>
<packages>
	<package name="assetdetails"  line-rate="0.6729999999999999"  branch-rate="0.2297" >
	<classes>
		<class name="advancedproductivity.service.ts"  filename="source\assetdetails\advancedproductivity.service.ts"  line-rate="1"  branch-rate="1" >
		<methods>
			<method name="(anonymous_1)"  hits="6"  signature="()V" >
				<lines><line number="2"  hits="6" /></lines>
			</method>
			<method name="AdvancedProductivityService"  hits="19"  signature="()V" >
				<lines><line number="4"  hits="19" /></lines>
			</method>
			<method name="(anonymous_3)"  hits="2"  signature="()V" >
				<lines><line number="12"  hits="2" /></lines>
			</method>
			<method name="(anonymous_4)"  hits="2"  signature="()V" >
				<lines><line number="14"  hits="2" /></lines>
			</method>
			<method name="(anonymous_5)"  hits="4"  signature="()V" >
				<lines><line number="18"  hits="4" /></lines>
			</method>
			<method name="(anonymous_6)"  hits="4"  signature="()V" >
				<lines><line number="22"  hits="4" /></lines>
			</method>
			<method name="(anonymous_7)"  hits="6"  signature="()V" >
				<lines><line number="26"  hits="6" /></lines>
			</method>
			<method name="(anonymous_8)"  hits="6"  signature="()V" >
				<lines><line number="32"  hits="6" /></lines>
			</method>
			<method name="(anonymous_9)"  hits="6"  signature="()V" >
				<lines><line number="37"  hits="6" /></lines>
			</method>
			<method name="(anonymous_10)"  hits="8"  signature="()V" >
				<lines><line number="47"  hits="8" /></lines>
			</method>
		</methods>
		<lines>
			<line number="2"  hits="6"  branch="false" />
			<line number="4"  hits="1"  branch="false" />
			<line number="5"  hits="19"  branch="false" />
			<line number="6"  hits="19"  branch="false" />
			<line number="7"  hits="19"  branch="false" />
			<line number="8"  hits="19"  branch="false" />
			<line number="9"  hits="19"  branch="false" />
			<line number="10"  hits="19"  branch="false" />
			<line number="12"  hits="6"  branch="false" />
			<line number="13"  hits="2"  branch="false" />
			<line number="14"  hits="2"  branch="false" />
			<line number="15"  hits="2"  branch="false" />
			<line number="18"  hits="6"  branch="false" />
			<line number="19"  hits="4"  branch="false" />
			<line number="20"  hits="4"  branch="false" />
			<line number="21"  hits="4"  branch="false" />
			<line number="22"  hits="4"  branch="false" />
			<line number="23"  hits="4"  branch="false" />
			<line number="26"  hits="6"  branch="false" />
			<line number="27"  hits="6"  branch="false" />
			<line number="28"  hits="6"  branch="false" />
			<line number="33"  hits="6"  branch="false" />
			<line number="35"  hits="6"  branch="false" />
			<line number="37"  hits="6"  branch="false" />
			<line number="38"  hits="6"  branch="false" />
			<line number="39"  hits="6"  branch="false" />
			<line number="40"  hits="6"  branch="false" />
			<line number="41"  hits="6"  branch="false" />
			<line number="42"  hits="6"  branch="false" />
			<line number="43"  hits="6"  branch="false" />
			<line number="44"  hits="6"  branch="false" />
			<line number="45"  hits="6"  branch="false" />
			<line number="47"  hits="6"  branch="false" />
			<line number="48"  hits="8"  branch="false" />
			<line number="50"  hits="6"  branch="false" />
			<line number="51"  hits="6"  branch="false" />
			<line number="53"  hits="6"  branch="false" />
		</lines>
		</class>
		<class name="assetdetails.controller.ts"  filename="source\assetdetails\assetdetails.controller.ts"  line-rate="0.8814"  branch-rate="0.5" >
		<methods>
			<method name="(anonymous_1)"  hits="6"  signature="()V" >
				<lines><line number="3"  hits="6" /></lines>
			</method>
			<method name="Subscription"  hits="11"  signature="()V" >
				<lines><line number="4"  hits="11" /></lines>
			</method>
			<method name="(anonymous_3)"  hits="6"  signature="()V" >
				<lines><line number="9"  hits="6" /></lines>
			</method>
			<method name="AssetDetailsController"  hits="13"  signature="()V" >
				<lines><line number="11"  hits="13" /></lines>
			</method>
			<method name="(anonymous_5)"  hits="13"  signature="()V" >
				<lines><line number="36"  hits="13" /></lines>
			</method>
			<method name="(anonymous_6)"  hits="13"  signature="()V" >
				<lines><line number="54"  hits="13" /></lines>
			</method>
			<method name="(anonymous_7)"  hits="13"  signature="()V" >
				<lines><line number="73"  hits="13" /></lines>
			</method>
			<method name="(anonymous_8)"  hits="34"  signature="()V" >
				<lines><line number="84"  hits="34" /></lines>
			</method>
			<method name="(anonymous_9)"  hits="13"  signature="()V" >
				<lines><line number="84"  hits="13" /></lines>
			</method>
			<method name="(anonymous_10)"  hits="0"  signature="()V" >
				<lines><line number="86"  hits="0" /></lines>
			</method>
			<method name="(anonymous_11)"  hits="0"  signature="()V" >
				<lines><line number="92"  hits="0" /></lines>
			</method>
			<method name="(anonymous_12)"  hits="0"  signature="()V" >
				<lines><line number="95"  hits="0" /></lines>
			</method>
			<method name="(anonymous_13)"  hits="78"  signature="()V" >
				<lines><line number="107"  hits="78" /></lines>
			</method>
			<method name="(anonymous_14)"  hits="1"  signature="()V" >
				<lines><line number="112"  hits="1" /></lines>
			</method>
			<method name="(anonymous_15)"  hits="1"  signature="()V" >
				<lines><line number="121"  hits="1" /></lines>
			</method>
			<method name="(anonymous_16)"  hits="17"  signature="()V" >
				<lines><line number="128"  hits="17" /></lines>
			</method>
			<method name="(anonymous_17)"  hits="2"  signature="()V" >
				<lines><line number="132"  hits="2" /></lines>
			</method>
			<method name="(anonymous_18)"  hits="21"  signature="()V" >
				<lines><line number="137"  hits="21" /></lines>
			</method>
			<method name="(anonymous_19)"  hits="8"  signature="()V" >
				<lines><line number="141"  hits="8" /></lines>
			</method>
			<method name="(anonymous_20)"  hits="17"  signature="()V" >
				<lines><line number="154"  hits="17" /></lines>
			</method>
			<method name="(anonymous_21)"  hits="17"  signature="()V" >
				<lines><line number="155"  hits="17" /></lines>
			</method>
		</methods>
		<lines>
			<line number="2"  hits="6"  branch="false" />
			<line number="3"  hits="6"  branch="false" />
			<line number="4"  hits="1"  branch="false" />
			<line number="6"  hits="6"  branch="false" />
			<line number="8"  hits="6"  branch="false" />
			<line number="9"  hits="6"  branch="false" />
			<line number="11"  hits="1"  branch="false" />
			<line number="12"  hits="13"  branch="false" />
			<line number="13"  hits="13"  branch="false" />
			<line number="14"  hits="13"  branch="false" />
			<line number="15"  hits="13"  branch="false" />
			<line number="16"  hits="13"  branch="false" />
			<line number="17"  hits="13"  branch="false" />
			<line number="18"  hits="13"  branch="false" />
			<line number="19"  hits="13"  branch="false" />
			<line number="20"  hits="13"  branch="false" />
			<line number="21"  hits="13"  branch="false" />
			<line number="22"  hits="13"  branch="false" />
			<line number="23"  hits="13"  branch="false" />
			<line number="24"  hits="13"  branch="false" />
			<line number="25"  hits="13"  branch="false" />
			<line number="26"  hits="13"  branch="false" />
			<line number="27"  hits="13"  branch="false" />
			<line number="28"  hits="13"  branch="false" />
			<line number="29"  hits="13"  branch="false" />
			<line number="30"  hits="13"  branch="false" />
			<line number="31"  hits="13"  branch="false" />
			<line number="32"  hits="13"  branch="false" />
			<line number="33"  hits="13"  branch="false" />
			<line number="34"  hits="13"  branch="false" />
			<line number="35"  hits="13"  branch="false" />
			<line number="37"  hits="13"  branch="false" />
			<line number="39"  hits="13"  branch="true"  condition-coverage="50% (1/2)" />
			<line number="40"  hits="13"  branch="false" />
			<line number="41"  hits="13"  branch="false" />
			<line number="42"  hits="13"  branch="false" />
			<line number="43"  hits="13"  branch="false" />
			<line number="44"  hits="13"  branch="false" />
			<line number="45"  hits="13"  branch="false" />
			<line number="47"  hits="13"  branch="false" />
			<line number="52"  hits="13"  branch="true"  condition-coverage="50% (1/2)" />
			<line number="53"  hits="13"  branch="false" />
			<line number="54"  hits="13"  branch="false" />
			<line number="55"  hits="13"  branch="false" />
			<line number="56"  hits="13"  branch="false" />
			<line number="57"  hits="13"  branch="false" />
			<line number="58"  hits="13"  branch="true"  condition-coverage="50% (1/2)" />
			<line number="59"  hits="13"  branch="false" />
			<line number="61"  hits="13"  branch="false" />
			<line number="62"  hits="13"  branch="false" />
			<line number="63"  hits="13"  branch="false" />
			<line number="64"  hits="13"  branch="false" />
			<line number="65"  hits="13"  branch="false" />
			<line number="66"  hits="13"  branch="false" />
			<line number="70"  hits="0"  branch="false" />
			<line number="71"  hits="0"  branch="false" />
			<line number="73"  hits="13"  branch="false" />
			<line number="74"  hits="13"  branch="false" />
			<line number="75"  hits="13"  branch="false" />
			<line number="76"  hits="13"  branch="false" />
			<line number="77"  hits="13"  branch="false" />
			<line number="78"  hits="13"  branch="false" />
			<line number="79"  hits="13"  branch="false" />
			<line number="80"  hits="13"  branch="false" />
			<line number="81"  hits="13"  branch="false" />
			<line number="82"  hits="13"  branch="false" />
			<line number="84"  hits="34"  branch="false" />
			<line number="85"  hits="13"  branch="true"  condition-coverage="50% (1/2)" />
			<line number="86"  hits="0"  branch="false" />
			<line number="87"  hits="0"  branch="false" />
			<line number="92"  hits="6"  branch="false" />
			<line number="93"  hits="0"  branch="false" />
			<line number="94"  hits="0"  branch="true"  condition-coverage="0% (0/2)" />
			<line number="95"  hits="0"  branch="false" />
			<line number="96"  hits="0"  branch="true"  condition-coverage="0% (0/2)" />
			<line number="97"  hits="0"  branch="false" />
			<line number="99"  hits="0"  branch="false" />
			<line number="102"  hits="0"  branch="true"  condition-coverage="0% (0/2)" />
			<line number="103"  hits="0"  branch="false" />
			<line number="105"  hits="0"  branch="false" />
			<line number="107"  hits="6"  branch="false" />
			<line number="108"  hits="78"  branch="false" />
			<line number="109"  hits="78"  branch="false" />
			<line number="110"  hits="78"  branch="false" />
			<line number="112"  hits="6"  branch="false" />
			<line number="113"  hits="1"  branch="false" />
			<line number="114"  hits="1"  branch="true"  condition-coverage="50% (1/2)" />
			<line number="115"  hits="0"  branch="false" />
			<line number="117"  hits="1"  branch="true"  condition-coverage="50% (1/2)" />
			<line number="118"  hits="1"  branch="false" />
			<line number="121"  hits="6"  branch="false" />
			<line number="122"  hits="1"  branch="false" />
			<line number="123"  hits="1"  branch="true"  condition-coverage="50% (1/2)" />
			<line number="124"  hits="1"  branch="false" />
			<line number="125"  hits="1"  branch="false" />
			<line number="128"  hits="6"  branch="false" />
			<line number="129"  hits="17"  branch="false" />
			<line number="130"  hits="17"  branch="false" />
			<line number="131"  hits="17"  branch="true"  condition-coverage="100% (2/2)" />
			<line number="132"  hits="2"  branch="false" />
			<line number="133"  hits="2"  branch="false" />
			<line number="137"  hits="6"  branch="false" />
			<line number="138"  hits="21"  branch="false" />
			<line number="139"  hits="21"  branch="false" />
			<line number="140"  hits="21"  branch="true"  condition-coverage="50% (1/2)" />
			<line number="141"  hits="21"  branch="false" />
			<line number="142"  hits="8"  branch="true"  condition-coverage="100% (2/2)" />
			<line number="143"  hits="6"  branch="false" />
			<line number="144"  hits="6"  branch="false" />
			<line number="145"  hits="6"  branch="false" />
			<line number="149"  hits="21"  branch="true"  condition-coverage="100% (2/2)" />
			<line number="150"  hits="17"  branch="false" />
			<line number="152"  hits="21"  branch="false" />
			<line number="154"  hits="6"  branch="false" />
			<line number="155"  hits="17"  branch="false" />
			<line number="157"  hits="6"  branch="false" />
			<line number="158"  hits="6"  branch="false" />
			<line number="160"  hits="6"  branch="false" />
		</lines>
		</class>
		<class name="assetdetails.model.ts"  filename="source\assetdetails\assetdetails.model.ts"  line-rate="1"  branch-rate="1" >
		<methods>
			<method name="(anonymous_1)"  hits="6"  signature="()V" >
				<lines><line number="2"  hits="6" /></lines>
			</method>
			<method name="AssetDetails"  hits="1"  signature="()V" >
				<lines><line number="3"  hits="1" /></lines>
			</method>
		</methods>
		<lines>
			<line number="2"  hits="6"  branch="false" />
			<line number="3"  hits="1"  branch="false" />
			<line number="5"  hits="6"  branch="false" />
			<line number="7"  hits="6"  branch="false" />
		</lines>
		</class>
		<class name="assetdetails.module.ts"  filename="source\assetdetails\assetdetails.module.ts"  line-rate="1"  branch-rate="1" >
		<methods>
		</methods>
		<lines>
			<line number="2"  hits="6"  branch="false" />
			<line number="3"  hits="6"  branch="false" />
			<line number="4"  hits="6"  branch="false" />
			<line number="5"  hits="6"  branch="false" />
			<line number="6"  hits="6"  branch="false" />
			<line number="8"  hits="6"  branch="false" />
			<line number="9"  hits="6"  branch="false" />
			<line number="10"  hits="6"  branch="false" />
			<line number="11"  hits="6"  branch="false" />
			<line number="12"  hits="6"  branch="false" />
			<line number="13"  hits="6"  branch="false" />
			<line number="14"  hits="6"  branch="false" />
			<line number="15"  hits="6"  branch="false" />
			<line number="16"  hits="6"  branch="false" />
			<line number="17"  hits="6"  branch="false" />
			<line number="18"  hits="6"  branch="false" />
			<line number="19"  hits="6"  branch="false" />
			<line number="20"  hits="6"  branch="false" />
			<line number="21"  hits="6"  branch="false" />
			<line number="22"  hits="6"  branch="false" />
			<line number="23"  hits="6"  branch="false" />
			<line number="24"  hits="6"  branch="false" />
			<line number="25"  hits="6"  branch="false" />
			<line number="26"  hits="6"  branch="false" />
			<line number="27"  hits="6"  branch="false" />
		</lines>
		</class>
		<class name="assetdetails.routing.ts"  filename="source\assetdetails\assetdetails.routing.ts"  line-rate="1"  branch-rate="1" >
		<methods>
			<method name="RouteConfig"  hits="35"  signature="()V" >
				<lines><line number="8"  hits="35" /></lines>
			</method>
		</methods>
		<lines>
			<line number="2"  hits="6"  branch="false" />
			<line number="3"  hits="6"  branch="false" />
			<line number="4"  hits="6"  branch="false" />
			<line number="5"  hits="6"  branch="false" />
			<line number="6"  hits="6"  branch="false" />
			<line number="8"  hits="1"  branch="false" />
			<line number="9"  hits="35"  branch="false" />
			<line number="52"  hits="6"  branch="false" />
		</lines>
		</class>
		<class name="assetdetails.service.ts"  filename="source\assetdetails\assetdetails.service.ts"  line-rate="1"  branch-rate="1" >
		<methods>
			<method name="(anonymous_1)"  hits="6"  signature="()V" >
				<lines><line number="3"  hits="6" /></lines>
			</method>
			<method name="AssetDetailsService"  hits="15"  signature="()V" >
				<lines><line number="5"  hits="15" /></lines>
			</method>
			<method name="(anonymous_3)"  hits="1"  signature="()V" >
				<lines><line number="11"  hits="1" /></lines>
			</method>
			<method name="(anonymous_4)"  hits="1"  signature="()V" >
				<lines><line number="14"  hits="1" /></lines>
			</method>
			<method name="(anonymous_5)"  hits="1"  signature="()V" >
				<lines><line number="21"  hits="1" /></lines>
			</method>
			<method name="(anonymous_6)"  hits="1"  signature="()V" >
				<lines><line number="27"  hits="1" /></lines>
			</method>
		</methods>
		<lines>
			<line number="2"  hits="6"  branch="false" />
			<line number="3"  hits="6"  branch="false" />
			<line number="5"  hits="1"  branch="false" />
			<line number="6"  hits="15"  branch="false" />
			<line number="7"  hits="15"  branch="false" />
			<line number="8"  hits="15"  branch="false" />
			<line number="9"  hits="15"  branch="false" />
			<line number="11"  hits="6"  branch="false" />
			<line number="12"  hits="1"  branch="false" />
			<line number="13"  hits="1"  branch="false" />
			<line number="15"  hits="1"  branch="false" />
			<line number="16"  hits="1"  branch="false" />
			<line number="17"  hits="1"  branch="false" />
			<line number="19"  hits="1"  branch="false" />
			<line number="21"  hits="6"  branch="false" />
			<line number="22"  hits="1"  branch="false" />
			<line number="23"  hits="1"  branch="false" />
			<line number="24"  hits="1"  branch="false" />
			<line number="28"  hits="1"  branch="false" />
			<line number="30"  hits="1"  branch="false" />
			<line number="32"  hits="6"  branch="false" />
			<line number="33"  hits="6"  branch="false" />
			<line number="35"  hits="6"  branch="false" />
		</lines>
		</class>
		<class name="assetdetailsfooter.directive.ts"  filename="source\assetdetails\assetdetailsfooter.directive.ts"  line-rate="0.8571"  branch-rate="1" >
		<methods>
			<method name="(anonymous_1)"  hits="6"  signature="()V" >
				<lines><line number="2"  hits="6" /></lines>
			</method>
			<method name="AssetDetailsFooter"  hits="0"  signature="()V" >
				<lines><line number="3"  hits="0" /></lines>
			</method>
			<method name="(anonymous_3)"  hits="0"  signature="()V" >
				<lines><line number="6"  hits="0" /></lines>
			</method>
			<method name="(anonymous_4)"  hits="0"  signature="()V" >
				<lines><line number="10"  hits="0" /></lines>
			</method>
		</methods>
		<lines>
			<line number="2"  hits="6"  branch="false" />
			<line number="3"  hits="1"  branch="false" />
			<line number="6"  hits="6"  branch="false" />
			<line number="7"  hits="0"  branch="false" />
			<line number="26"  hits="6"  branch="false" />
			<line number="27"  hits="6"  branch="false" />
			<line number="29"  hits="6"  branch="false" />
		</lines>
		</class>
		<class name="assetdetailsheader.directive.ts"  filename="source\assetdetails\assetdetailsheader.directive.ts"  line-rate="0.4706"  branch-rate="0" >
		<methods>
			<method name="(anonymous_1)"  hits="6"  signature="()V" >
				<lines><line number="3"  hits="6" /></lines>
			</method>
			<method name="AssetDetailsHeader"  hits="0"  signature="()V" >
				<lines><line number="4"  hits="0" /></lines>
			</method>
			<method name="(anonymous_3)"  hits="0"  signature="()V" >
				<lines><line number="7"  hits="0" /></lines>
			</method>
			<method name="link"  hits="0"  signature="()V" >
				<lines><line number="8"  hits="0" /></lines>
			</method>
			<method name="(anonymous_5)"  hits="0"  signature="()V" >
				<lines><line number="15"  hits="0" /></lines>
			</method>
			<method name="(anonymous_6)"  hits="0"  signature="()V" >
				<lines><line number="18"  hits="0" /></lines>
			</method>
		</methods>
		<lines>
			<line number="2"  hits="6"  branch="false" />
			<line number="3"  hits="6"  branch="false" />
			<line number="4"  hits="1"  branch="false" />
			<line number="7"  hits="6"  branch="false" />
			<line number="8"  hits="1"  branch="false" />
			<line number="9"  hits="0"  branch="false" />
			<line number="10"  hits="0"  branch="false" />
			<line number="14"  hits="0"  branch="false" />
			<line number="15"  hits="0"  branch="false" />
			<line number="16"  hits="0"  branch="false" />
			<line number="18"  hits="0"  branch="false" />
			<line number="19"  hits="0"  branch="true"  condition-coverage="0% (0/2)" />
			<line number="20"  hits="0"  branch="false" />
			<line number="25"  hits="0"  branch="false" />
			<line number="45"  hits="6"  branch="false" />
			<line number="46"  hits="6"  branch="false" />
			<line number="48"  hits="6"  branch="false" />
		</lines>
		</class>
		<class name="assetheader.directive.ts"  filename="source\assetdetails\assetheader.directive.ts"  line-rate="0.875"  branch-rate="1" >
		<methods>
			<method name="(anonymous_1)"  hits="6"  signature="()V" >
				<lines><line number="2"  hits="6" /></lines>
			</method>
			<method name="AssetHeader"  hits="0"  signature="()V" >
				<lines><line number="3"  hits="0" /></lines>
			</method>
			<method name="(anonymous_3)"  hits="0"  signature="()V" >
				<lines><line number="6"  hits="0" /></lines>
			</method>
			<method name="link"  hits="0"  signature="()V" >
				<lines><line number="7"  hits="0" /></lines>
			</method>
			<method name="(anonymous_5)"  hits="0"  signature="()V" >
				<lines><line number="12"  hits="0" /></lines>
			</method>
		</methods>
		<lines>
			<line number="2"  hits="6"  branch="false" />
			<line number="3"  hits="1"  branch="false" />
			<line number="6"  hits="6"  branch="false" />
			<line number="7"  hits="1"  branch="false" />
			<line number="9"  hits="0"  branch="false" />
			<line number="26"  hits="6"  branch="false" />
			<line number="27"  hits="6"  branch="false" />
			<line number="29"  hits="6"  branch="false" />
		</lines>
		</class>
		<class name="liquidfillgauge.directive.ts"  filename="source\assetdetails\liquidfillgauge.directive.ts"  line-rate="0.124"  branch-rate="0" >
		<methods>
			<method name="(anonymous_1)"  hits="6"  signature="()V" >
				<lines><line number="3"  hits="6" /></lines>
			</method>
			<method name="LiquidFillGaugeController"  hits="0"  signature="()V" >
				<lines><line number="4"  hits="0" /></lines>
			</method>
			<method name="(anonymous_3)"  hits="6"  signature="()V" >
				<lines><line number="10"  hits="6" /></lines>
			</method>
			<method name="LiquidFillGaugeDirective"  hits="0"  signature="()V" >
				<lines><line number="11"  hits="0" /></lines>
			</method>
			<method name="(anonymous_5)"  hits="0"  signature="()V" >
				<lines><line number="14"  hits="0" /></lines>
			</method>
			<method name="linkFunc"  hits="0"  signature="()V" >
				<lines><line number="15"  hits="0" /></lines>
			</method>
			<method name="(anonymous_7)"  hits="0"  signature="()V" >
				<lines><line number="16"  hits="0" /></lines>
			</method>
			<method name="(anonymous_8)"  hits="0"  signature="()V" >
				<lines><line number="16"  hits="0" /></lines>
			</method>
			<method name="liquidFillGaugeDefaultSettings"  hits="0"  signature="()V" >
				<lines><line number="34"  hits="0" /></lines>
			</method>
			<method name="loadLiquidFillGauge"  hits="0"  signature="()V" >
				<lines><line number="58"  hits="0" /></lines>
			</method>
			<method name="(anonymous_11)"  hits="0"  signature="()V" >
				<lines><line number="91"  hits="0" /></lines>
			</method>
			<method name="(anonymous_12)"  hits="0"  signature="()V" >
				<lines><line number="93"  hits="0" /></lines>
			</method>
			<method name="(anonymous_13)"  hits="0"  signature="()V" >
				<lines><line number="96"  hits="0" /></lines>
			</method>
			<method name="(anonymous_14)"  hits="0"  signature="()V" >
				<lines><line number="143"  hits="0" /></lines>
			</method>
			<method name="(anonymous_15)"  hits="0"  signature="()V" >
				<lines><line number="144"  hits="0" /></lines>
			</method>
			<method name="(anonymous_16)"  hits="0"  signature="()V" >
				<lines><line number="145"  hits="0" /></lines>
			</method>
			<method name="(anonymous_17)"  hits="0"  signature="()V" >
				<lines><line number="171"  hits="0" /></lines>
			</method>
			<method name="(anonymous_18)"  hits="0"  signature="()V" >
				<lines><line number="173"  hits="0" /></lines>
			</method>
			<method name="(anonymous_19)"  hits="0"  signature="()V" >
				<lines><line number="189"  hits="0" /></lines>
			</method>
			<method name="animateWave"  hits="0"  signature="()V" >
				<lines><line number="196"  hits="0" /></lines>
			</method>
			<method name="(anonymous_21)"  hits="0"  signature="()V" >
				<lines><line number="203"  hits="0" /></lines>
			</method>
			<method name="GaugeUpdater"  hits="0"  signature="()V" >
				<lines><line number="208"  hits="0" /></lines>
			</method>
			<method name="(anonymous_23)"  hits="0"  signature="()V" >
				<lines><line number="209"  hits="0" /></lines>
			</method>
			<method name="(anonymous_24)"  hits="0"  signature="()V" >
				<lines><line number="211"  hits="0" /></lines>
			</method>
			<method name="(anonymous_25)"  hits="0"  signature="()V" >
				<lines><line number="213"  hits="0" /></lines>
			</method>
			<method name="(anonymous_26)"  hits="0"  signature="()V" >
				<lines><line number="216"  hits="0" /></lines>
			</method>
			<method name="(anonymous_27)"  hits="0"  signature="()V" >
				<lines><line number="218"  hits="0" /></lines>
			</method>
			<method name="(anonymous_28)"  hits="0"  signature="()V" >
				<lines><line number="220"  hits="0" /></lines>
			</method>
			<method name="(anonymous_29)"  hits="0"  signature="()V" >
				<lines><line number="239"  hits="0" /></lines>
			</method>
			<method name="(anonymous_30)"  hits="0"  signature="()V" >
				<lines><line number="240"  hits="0" /></lines>
			</method>
			<method name="(anonymous_31)"  hits="0"  signature="()V" >
				<lines><line number="241"  hits="0" /></lines>
			</method>
			<method name="(anonymous_32)"  hits="0"  signature="()V" >
				<lines><line number="255"  hits="0" /></lines>
			</method>
		</methods>
		<lines>
			<line number="3"  hits="6"  branch="false" />
			<line number="4"  hits="1"  branch="false" />
			<line number="6"  hits="6"  branch="false" />
			<line number="7"  hits="6"  branch="false" />
			<line number="9"  hits="6"  branch="false" />
			<line number="10"  hits="6"  branch="false" />
			<line number="11"  hits="1"  branch="false" />
			<line number="14"  hits="6"  branch="false" />
			<line number="15"  hits="1"  branch="false" />
			<line number="16"  hits="0"  branch="false" />
			<line number="17"  hits="0"  branch="true"  condition-coverage="0% (0/4)" />
			<line number="18"  hits="0"  branch="false" />
			<line number="19"  hits="0"  branch="true"  condition-coverage="0% (0/2)" />
			<line number="20"  hits="0"  branch="false" />
			<line number="22"  hits="0"  branch="true"  condition-coverage="0% (0/2)" />
			<line number="23"  hits="0"  branch="false" />
			<line number="25"  hits="0"  branch="true"  condition-coverage="0% (0/2)" />
			<line number="26"  hits="0"  branch="false" />
			<line number="29"  hits="0"  branch="false" />
			<line number="31"  hits="0"  branch="false" />
			<line number="34"  hits="1"  branch="false" />
			<line number="35"  hits="0"  branch="false" />
			<line number="58"  hits="1"  branch="false" />
			<line number="59"  hits="0"  branch="true"  condition-coverage="0% (0/2)" />
			<line number="60"  hits="0"  branch="false" />
			<line number="62"  hits="0"  branch="false" />
			<line number="63"  hits="0"  branch="false" />
			<line number="64"  hits="0"  branch="false" />
			<line number="65"  hits="0"  branch="false" />
			<line number="66"  hits="0"  branch="false" />
			<line number="67"  hits="0"  branch="false" />
			<line number="68"  hits="0"  branch="true"  condition-coverage="0% (0/2)" />
			<line number="69"  hits="0"  branch="false" />
			<line number="74"  hits="0"  branch="false" />
			<line number="78"  hits="0"  branch="false" />
			<line number="79"  hits="0"  branch="false" />
			<line number="80"  hits="0"  branch="true"  condition-coverage="0% (0/2)" />
			<line number="81"  hits="0"  branch="true"  condition-coverage="0% (0/2)" />
			<line number="82"  hits="0"  branch="false" />
			<line number="83"  hits="0"  branch="false" />
			<line number="84"  hits="0"  branch="false" />
			<line number="85"  hits="0"  branch="false" />
			<line number="86"  hits="0"  branch="false" />
			<line number="87"  hits="0"  branch="false" />
			<line number="88"  hits="0"  branch="false" />
			<line number="89"  hits="0"  branch="false" />
			<line number="91"  hits="0"  branch="false" />
			<line number="92"  hits="0"  branch="true"  condition-coverage="0% (0/2)" />
			<line number="93"  hits="0"  branch="false" />
			<line number="95"  hits="0"  branch="true"  condition-coverage="0% (0/2)" />
			<line number="96"  hits="0"  branch="false" />
			<line number="99"  hits="0"  branch="false" />
			<line number="100"  hits="0"  branch="false" />
			<line number="101"  hits="0"  branch="false" />
			<line number="104"  hits="0"  branch="false" />
			<line number="105"  hits="0"  branch="false" />
			<line number="107"  hits="0"  branch="false" />
			<line number="108"  hits="0"  branch="false" />
			<line number="110"  hits="0"  branch="false" />
			<line number="113"  hits="0"  branch="false" />
			<line number="117"  hits="0"  branch="false" />
			<line number="121"  hits="0"  branch="false" />
			<line number="124"  hits="0"  branch="false" />
			<line number="129"  hits="0"  branch="false" />
			<line number="134"  hits="0"  branch="false" />
			<line number="142"  hits="0"  branch="false" />
			<line number="143"  hits="0"  branch="false" />
			<line number="144"  hits="0"  branch="false" />
			<line number="145"  hits="0"  branch="false" />
			<line number="146"  hits="0"  branch="false" />
			<line number="149"  hits="0"  branch="false" />
			<line number="154"  hits="0"  branch="false" />
			<line number="156"  hits="0"  branch="false" />
			<line number="162"  hits="0"  branch="false" />
			<line number="170"  hits="0"  branch="true"  condition-coverage="0% (0/2)" />
			<line number="171"  hits="0"  branch="false" />
			<line number="172"  hits="0"  branch="false" />
			<line number="173"  hits="0"  branch="false" />
			<line number="175"  hits="0"  branch="false" />
			<line number="178"  hits="0"  branch="false" />
			<line number="183"  hits="0"  branch="false" />
			<line number="184"  hits="0"  branch="true"  condition-coverage="0% (0/2)" />
			<line number="185"  hits="0"  branch="false" />
			<line number="189"  hits="0"  branch="false" />
			<line number="192"  hits="0"  branch="false" />
			<line number="194"  hits="0"  branch="true"  condition-coverage="0% (0/2)" />
			<line number="195"  hits="0"  branch="false" />
			<line number="196"  hits="1"  branch="false" />
			<line number="197"  hits="0"  branch="false" />
			<line number="198"  hits="0"  branch="false" />
			<line number="204"  hits="0"  branch="false" />
			<line number="205"  hits="0"  branch="false" />
			<line number="208"  hits="1"  branch="false" />
			<line number="209"  hits="0"  branch="false" />
			<line number="210"  hits="0"  branch="false" />
			<line number="211"  hits="0"  branch="false" />
			<line number="212"  hits="0"  branch="true"  condition-coverage="0% (0/2)" />
			<line number="213"  hits="0"  branch="false" />
			<line number="215"  hits="0"  branch="true"  condition-coverage="0% (0/2)" />
			<line number="216"  hits="0"  branch="false" />
			<line number="218"  hits="0"  branch="false" />
			<line number="219"  hits="0"  branch="false" />
			<line number="220"  hits="0"  branch="false" />
			<line number="222"  hits="0"  branch="false" />
			<line number="225"  hits="0"  branch="false" />
			<line number="228"  hits="0"  branch="false" />
			<line number="229"  hits="0"  branch="false" />
			<line number="230"  hits="0"  branch="false" />
			<line number="233"  hits="0"  branch="false" />
			<line number="234"  hits="0"  branch="false" />
			<line number="235"  hits="0"  branch="false" />
			<line number="236"  hits="0"  branch="false" />
			<line number="237"  hits="0"  branch="true"  condition-coverage="0% (0/2)" />
			<line number="238"  hits="0"  branch="false" />
			<line number="239"  hits="0"  branch="false" />
			<line number="240"  hits="0"  branch="false" />
			<line number="241"  hits="0"  branch="false" />
			<line number="244"  hits="0"  branch="false" />
			<line number="246"  hits="0"  branch="true"  condition-coverage="0% (0/2)" />
			<line number="247"  hits="0"  branch="false" />
			<line number="256"  hits="0"  branch="true"  condition-coverage="0% (0/2)" />
			<line number="257"  hits="0"  branch="false" />
			<line number="258"  hits="0"  branch="false" />
			<line number="261"  hits="0"  branch="false" />
			<line number="266"  hits="0"  branch="false" />
			<line number="269"  hits="0"  branch="false" />
			<line number="281"  hits="6"  branch="false" />
			<line number="282"  hits="6"  branch="false" />
			<line number="284"  hits="6"  branch="false" />
		</lines>
		</class>
		<class name="timezone.model.ts"  filename="source\assetdetails\timezone.model.ts"  line-rate="1"  branch-rate="1" >
		<methods>
			<method name="(anonymous_1)"  hits="2"  signature="()V" >
				<lines><line number="2"  hits="2" /></lines>
			</method>
			<method name="TimeZone"  hits="2"  signature="()V" >
				<lines><line number="3"  hits="2" /></lines>
			</method>
		</methods>
		<lines>
			<line number="2"  hits="2"  branch="false" />
			<line number="3"  hits="1"  branch="false" />
			<line number="5"  hits="2"  branch="false" />
			<line number="7"  hits="2"  branch="false" />
		</lines>
		</class>
		<class name="timezone.service.ts"  filename="source\assetdetails\timezone.service.ts"  line-rate="1"  branch-rate="0.75" >
		<methods>
			<method name="(anonymous_1)"  hits="6"  signature="()V" >
				<lines><line number="2"  hits="6" /></lines>
			</method>
			<method name="TimeZoneAPIResponse"  hits="0"  signature="()V" >
				<lines><line number="3"  hits="0" /></lines>
			</method>
			<method name="(anonymous_3)"  hits="6"  signature="()V" >
				<lines><line number="7"  hits="6" /></lines>
			</method>
			<method name="TimeZoneService"  hits="24"  signature="()V" >
				<lines><line number="9"  hits="24" /></lines>
			</method>
			<method name="(anonymous_5)"  hits="5"  signature="()V" >
				<lines><line number="14"  hits="5" /></lines>
			</method>
			<method name="(anonymous_6)"  hits="5"  signature="()V" >
				<lines><line number="20"  hits="5" /></lines>
			</method>
			<method name="(anonymous_7)"  hits="3"  signature="()V" >
				<lines><line number="25"  hits="3" /></lines>
			</method>
			<method name="(anonymous_8)"  hits="3"  signature="()V" >
				<lines><line number="27"  hits="3" /></lines>
			</method>
			<method name="(anonymous_9)"  hits="5"  signature="()V" >
				<lines><line number="31"  hits="5" /></lines>
			</method>
			<method name="(anonymous_10)"  hits="3"  signature="()V" >
				<lines><line number="37"  hits="3" /></lines>
			</method>
		</methods>
		<lines>
			<line number="2"  hits="6"  branch="false" />
			<line number="3"  hits="1"  branch="false" />
			<line number="5"  hits="6"  branch="false" />
			<line number="7"  hits="6"  branch="false" />
			<line number="9"  hits="1"  branch="false" />
			<line number="10"  hits="24"  branch="false" />
			<line number="11"  hits="24"  branch="false" />
			<line number="12"  hits="24"  branch="false" />
			<line number="14"  hits="6"  branch="false" />
			<line number="15"  hits="5"  branch="false" />
			<line number="16"  hits="5"  branch="false" />
			<line number="21"  hits="5"  branch="false" />
			<line number="23"  hits="5"  branch="false" />
			<line number="25"  hits="6"  branch="false" />
			<line number="26"  hits="3"  branch="false" />
			<line number="27"  hits="3"  branch="false" />
			<line number="28"  hits="3"  branch="false" />
			<line number="31"  hits="6"  branch="false" />
			<line number="32"  hits="5"  branch="false" />
			<line number="33"  hits="5"  branch="false" />
			<line number="34"  hits="5"  branch="false" />
			<line number="35"  hits="5"  branch="false" />
			<line number="37"  hits="6"  branch="false" />
			<line number="38"  hits="3"  branch="false" />
			<line number="39"  hits="3"  branch="true"  condition-coverage="50% (1/2)" />
			<line number="40"  hits="3"  branch="true"  condition-coverage="100% (2/2)" />
			<line number="41"  hits="3"  branch="false" />
			<line number="42"  hits="3"  branch="false" />
			<line number="43"  hits="3"  branch="false" />
			<line number="44"  hits="3"  branch="false" />
			<line number="45"  hits="3"  branch="false" />
			<line number="47"  hits="6"  branch="false" />
			<line number="48"  hits="6"  branch="false" />
			<line number="50"  hits="6"  branch="false" />
		</lines>
		</class>
		<class name="translations.config.ts"  filename="source\assetdetails\translations.config.ts"  line-rate="1"  branch-rate="1" >
		<methods>
			<method name="TranslationConfig"  hits="35"  signature="()V" >
				<lines><line number="5"  hits="35" /></lines>
			</method>
			<method name="(anonymous_2)"  hits="175"  signature="()V" >
				<lines><line number="7"  hits="175" /></lines>
			</method>
		</methods>
		<lines>
			<line number="2"  hits="6"  branch="false" />
			<line number="3"  hits="6"  branch="false" />
			<line number="5"  hits="1"  branch="false" />
			<line number="6"  hits="35"  branch="false" />
			<line number="7"  hits="35"  branch="false" />
			<line number="8"  hits="175"  branch="false" />
			<line number="9"  hits="175"  branch="false" />
			<line number="12"  hits="6"  branch="false" />
		</lines>
		</class>
	</classes>
	</package>
	<package name="assetdetails.noteswidget"  line-rate="0.963"  branch-rate="0.75" >
	<classes>
		<class name="assetnotes.service.ts"  filename="source\assetdetails\noteswidget\assetnotes.service.ts"  line-rate="0.9523999999999999"  branch-rate="1" >
		<methods>
			<method name="(anonymous_1)"  hits="6"  signature="()V" >
				<lines><line number="2"  hits="6" /></lines>
			</method>
			<method name="AssetNotesService"  hits="3"  signature="()V" >
				<lines><line number="4"  hits="3" /></lines>
			</method>
			<method name="(anonymous_3)"  hits="2"  signature="()V" >
				<lines><line number="9"  hits="2" /></lines>
			</method>
			<method name="(anonymous_4)"  hits="2"  signature="()V" >
				<lines><line number="12"  hits="2" /></lines>
			</method>
			<method name="(anonymous_5)"  hits="0"  signature="()V" >
				<lines><line number="19"  hits="0" /></lines>
			</method>
			<method name="(anonymous_6)"  hits="1"  signature="()V" >
				<lines><line number="24"  hits="1" /></lines>
			</method>
			<method name="(anonymous_7)"  hits="1"  signature="()V" >
				<lines><line number="29"  hits="1" /></lines>
			</method>
		</methods>
		<lines>
			<line number="2"  hits="6"  branch="false" />
			<line number="4"  hits="1"  branch="false" />
			<line number="5"  hits="3"  branch="false" />
			<line number="6"  hits="3"  branch="false" />
			<line number="7"  hits="3"  branch="false" />
			<line number="9"  hits="6"  branch="false" />
			<line number="10"  hits="2"  branch="false" />
			<line number="11"  hits="2"  branch="false" />
			<line number="13"  hits="2"  branch="true"  condition-coverage="100% (2/2)" />
			<line number="14"  hits="1"  branch="false" />
			<line number="17"  hits="1"  branch="false" />
			<line number="20"  hits="0"  branch="false" />
			<line number="22"  hits="2"  branch="false" />
			<line number="24"  hits="6"  branch="false" />
			<line number="25"  hits="1"  branch="false" />
			<line number="26"  hits="1"  branch="false" />
			<line number="30"  hits="1"  branch="false" />
			<line number="32"  hits="1"  branch="false" />
			<line number="34"  hits="6"  branch="false" />
			<line number="35"  hits="6"  branch="false" />
			<line number="37"  hits="6"  branch="false" />
		</lines>
		</class>
		<class name="noteswidget.controller.ts"  filename="source\assetdetails\noteswidget\noteswidget.controller.ts"  line-rate="1"  branch-rate="0.5" >
		<methods>
			<method name="(anonymous_1)"  hits="6"  signature="()V" >
				<lines><line number="2"  hits="6" /></lines>
			</method>
			<method name="NotesWidgetController"  hits="6"  signature="()V" >
				<lines><line number="4"  hits="6" /></lines>
			</method>
			<method name="(anonymous_3)"  hits="6"  signature="()V" >
				<lines><line number="10"  hits="6" /></lines>
			</method>
			<method name="(anonymous_4)"  hits="3"  signature="()V" >
				<lines><line number="10"  hits="3" /></lines>
			</method>
			<method name="(anonymous_5)"  hits="4"  signature="()V" >
				<lines><line number="16"  hits="4" /></lines>
			</method>
			<method name="(anonymous_6)"  hits="4"  signature="()V" >
				<lines><line number="19"  hits="4" /></lines>
			</method>
			<method name="(anonymous_7)"  hits="2"  signature="()V" >
				<lines><line number="23"  hits="2" /></lines>
			</method>
			<method name="(anonymous_8)"  hits="1"  signature="()V" >
				<lines><line number="26"  hits="1" /></lines>
			</method>
			<method name="(anonymous_9)"  hits="2"  signature="()V" >
				<lines><line number="31"  hits="2" /></lines>
			</method>
			<method name="(anonymous_10)"  hits="1"  signature="()V" >
				<lines><line number="34"  hits="1" /></lines>
			</method>
		</methods>
		<lines>
			<line number="2"  hits="6"  branch="false" />
			<line number="4"  hits="1"  branch="false" />
			<line number="5"  hits="6"  branch="false" />
			<line number="6"  hits="6"  branch="false" />
			<line number="7"  hits="6"  branch="false" />
			<line number="8"  hits="6"  branch="false" />
			<line number="9"  hits="6"  branch="false" />
			<line number="10"  hits="6"  branch="false" />
			<line number="11"  hits="3"  branch="true"  condition-coverage="50% (1/2)" />
			<line number="12"  hits="3"  branch="false" />
			<line number="16"  hits="6"  branch="false" />
			<line number="17"  hits="4"  branch="false" />
			<line number="18"  hits="4"  branch="false" />
			<line number="20"  hits="4"  branch="false" />
			<line number="23"  hits="6"  branch="false" />
			<line number="24"  hits="2"  branch="false" />
			<line number="25"  hits="2"  branch="false" />
			<line number="27"  hits="1"  branch="false" />
			<line number="28"  hits="1"  branch="false" />
			<line number="31"  hits="6"  branch="false" />
			<line number="32"  hits="2"  branch="false" />
			<line number="35"  hits="1"  branch="false" />
			<line number="40"  hits="6"  branch="false" />
			<line number="41"  hits="6"  branch="false" />
			<line number="43"  hits="6"  branch="false" />
		</lines>
		</class>
		<class name="noteswidget.directive.ts"  filename="source\assetdetails\noteswidget\noteswidget.directive.ts"  line-rate="0.875"  branch-rate="1" >
		<methods>
			<method name="(anonymous_1)"  hits="6"  signature="()V" >
				<lines><line number="3"  hits="6" /></lines>
			</method>
			<method name="NotesWidget"  hits="0"  signature="()V" >
				<lines><line number="4"  hits="0" /></lines>
			</method>
			<method name="(anonymous_3)"  hits="0"  signature="()V" >
				<lines><line number="7"  hits="0" /></lines>
			</method>
		</methods>
		<lines>
			<line number="2"  hits="6"  branch="false" />
			<line number="3"  hits="6"  branch="false" />
			<line number="4"  hits="1"  branch="false" />
			<line number="7"  hits="6"  branch="false" />
			<line number="8"  hits="0"  branch="false" />
			<line number="19"  hits="6"  branch="false" />
			<line number="20"  hits="6"  branch="false" />
			<line number="22"  hits="6"  branch="false" />
		</lines>
		</class>
	</classes>
	</package>
	<package name="assetutilization"  line-rate="0.83"  branch-rate="0.3333" >
	<classes>
		<class name="assetutilization.module.ts"  filename="source\assetutilization\assetutilization.module.ts"  line-rate="1"  branch-rate="1" >
		<methods>
			<method name="(anonymous_1)"  hits="3"  signature="()V" >
				<lines><line number="13"  hits="3" /></lines>
			</method>
		</methods>
		<lines>
			<line number="2"  hits="1"  branch="false" />
			<line number="3"  hits="1"  branch="false" />
			<line number="4"  hits="1"  branch="false" />
			<line number="5"  hits="1"  branch="false" />
			<line number="6"  hits="1"  branch="false" />
			<line number="7"  hits="1"  branch="false" />
			<line number="8"  hits="1"  branch="false" />
			<line number="9"  hits="1"  branch="false" />
			<line number="10"  hits="1"  branch="false" />
			<line number="11"  hits="1"  branch="false" />
			<line number="14"  hits="3"  branch="false" />
		</lines>
		</class>
		<class name="assetutilization.service.ts"  filename="source\assetutilization\assetutilization.service.ts"  line-rate="0.6279"  branch-rate="0" >
		<methods>
			<method name="(anonymous_1)"  hits="1"  signature="()V" >
				<lines><line number="2"  hits="1" /></lines>
			</method>
			<method name="CombinedUtilizationData"  hits="0"  signature="()V" >
				<lines><line number="3"  hits="0" /></lines>
			</method>
			<method name="(anonymous_3)"  hits="1"  signature="()V" >
				<lines><line number="8"  hits="1" /></lines>
			</method>
			<method name="UtilizationComparisonData"  hits="0"  signature="()V" >
				<lines><line number="9"  hits="0" /></lines>
			</method>
			<method name="(anonymous_5)"  hits="1"  signature="()V" >
				<lines><line number="14"  hits="1" /></lines>
			</method>
			<method name="TimeframedUtilizationData"  hits="3"  signature="()V" >
				<lines><line number="15"  hits="3" /></lines>
			</method>
			<method name="(anonymous_7)"  hits="1"  signature="()V" >
				<lines><line number="20"  hits="1" /></lines>
			</method>
			<method name="UtilizationData"  hits="0"  signature="()V" >
				<lines><line number="21"  hits="0" /></lines>
			</method>
			<method name="(anonymous_9)"  hits="1"  signature="()V" >
				<lines><line number="26"  hits="1" /></lines>
			</method>
			<method name="AssetUtilizationService"  hits="3"  signature="()V" >
				<lines><line number="28"  hits="3" /></lines>
			</method>
			<method name="(anonymous_11)"  hits="0"  signature="()V" >
				<lines><line number="33"  hits="0" /></lines>
			</method>
			<method name="(anonymous_12)"  hits="0"  signature="()V" >
				<lines><line number="36"  hits="0" /></lines>
			</method>
			<method name="(anonymous_13)"  hits="0"  signature="()V" >
				<lines><line number="41"  hits="0" /></lines>
			</method>
			<method name="(anonymous_14)"  hits="0"  signature="()V" >
				<lines><line number="80"  hits="0" /></lines>
			</method>
			<method name="(anonymous_15)"  hits="0"  signature="()V" >
				<lines><line number="82"  hits="0" /></lines>
			</method>
			<method name="(anonymous_16)"  hits="0"  signature="()V" >
				<lines><line number="84"  hits="0" /></lines>
			</method>
			<method name="(anonymous_17)"  hits="0"  signature="()V" >
				<lines><line number="91"  hits="0" /></lines>
			</method>
			<method name="(anonymous_18)"  hits="0"  signature="()V" >
				<lines><line number="98"  hits="0" /></lines>
			</method>
		</methods>
		<lines>
			<line number="2"  hits="1"  branch="false" />
			<line number="3"  hits="1"  branch="false" />
			<line number="5"  hits="1"  branch="false" />
			<line number="7"  hits="1"  branch="false" />
			<line number="8"  hits="1"  branch="false" />
			<line number="9"  hits="1"  branch="false" />
			<line number="11"  hits="1"  branch="false" />
			<line number="13"  hits="1"  branch="false" />
			<line number="14"  hits="1"  branch="false" />
			<line number="15"  hits="1"  branch="false" />
			<line number="17"  hits="1"  branch="false" />
			<line number="19"  hits="1"  branch="false" />
			<line number="20"  hits="1"  branch="false" />
			<line number="21"  hits="1"  branch="false" />
			<line number="23"  hits="1"  branch="false" />
			<line number="25"  hits="1"  branch="false" />
			<line number="26"  hits="1"  branch="false" />
			<line number="28"  hits="1"  branch="false" />
			<line number="29"  hits="3"  branch="false" />
			<line number="30"  hits="3"  branch="false" />
			<line number="31"  hits="3"  branch="false" />
			<line number="33"  hits="1"  branch="false" />
			<line number="34"  hits="0"  branch="false" />
			<line number="35"  hits="0"  branch="false" />
			<line number="36"  hits="0"  branch="false" />
			<line number="37"  hits="0"  branch="false" />
			<line number="39"  hits="0"  branch="false" />
			<line number="41"  hits="1"  branch="false" />
			<line number="42"  hits="0"  branch="false" />
			<line number="80"  hits="1"  branch="false" />
			<line number="81"  hits="0"  branch="false" />
			<line number="83"  hits="0"  branch="false" />
			<line number="84"  hits="0"  branch="false" />
			<line number="85"  hits="0"  branch="false" />
			<line number="91"  hits="0"  branch="false" />
			<line number="92"  hits="0"  branch="false" />
			<line number="98"  hits="0"  branch="false" />
			<line number="99"  hits="0"  branch="false" />
			<line number="109"  hits="0"  branch="false" />
			<line number="123"  hits="0"  branch="false" />
			<line number="126"  hits="1"  branch="false" />
			<line number="127"  hits="1"  branch="false" />
			<line number="129"  hits="1"  branch="false" />
		</lines>
		</class>
		<class name="assetutilizationwidget.controller.ts"  filename="source\assetutilization\assetutilizationwidget.controller.ts"  line-rate="0.9756"  branch-rate="1" >
		<methods>
			<method name="(anonymous_1)"  hits="1"  signature="()V" >
				<lines><line number="4"  hits="1" /></lines>
			</method>
			<method name="UtilizationWidgetOptions"  hits="0"  signature="()V" >
				<lines><line number="5"  hits="0" /></lines>
			</method>
			<method name="(anonymous_3)"  hits="1"  signature="()V" >
				<lines><line number="13"  hits="1" /></lines>
			</method>
			<method name="AssetUtilizationWidgetController"  hits="3"  signature="()V" >
				<lines><line number="15"  hits="3" /></lines>
			</method>
			<method name="(anonymous_5)"  hits="6"  signature="()V" >
				<lines><line number="27"  hits="6" /></lines>
			</method>
			<method name="(anonymous_6)"  hits="3"  signature="()V" >
				<lines><line number="27"  hits="3" /></lines>
			</method>
			<method name="(anonymous_7)"  hits="0"  signature="()V" >
				<lines><line number="28"  hits="0" /></lines>
			</method>
			<method name="(anonymous_8)"  hits="5"  signature="()V" >
				<lines><line number="33"  hits="5" /></lines>
			</method>
			<method name="(anonymous_9)"  hits="2"  signature="()V" >
				<lines><line number="36"  hits="2" /></lines>
			</method>
			<method name="(anonymous_10)"  hits="5"  signature="()V" >
				<lines><line number="43"  hits="5" /></lines>
			</method>
			<method name="(anonymous_11)"  hits="5"  signature="()V" >
				<lines><line number="45"  hits="5" /></lines>
			</method>
			<method name="(anonymous_12)"  hits="15"  signature="()V" >
				<lines><line number="57"  hits="15" /></lines>
			</method>
		</methods>
		<lines>
			<line number="2"  hits="1"  branch="false" />
			<line number="3"  hits="1"  branch="false" />
			<line number="4"  hits="1"  branch="false" />
			<line number="5"  hits="1"  branch="false" />
			<line number="7"  hits="1"  branch="false" />
			<line number="9"  hits="1"  branch="false" />
			<line number="10"  hits="1"  branch="false" />
			<line number="13"  hits="1"  branch="false" />
			<line number="15"  hits="1"  branch="false" />
			<line number="16"  hits="3"  branch="false" />
			<line number="17"  hits="3"  branch="false" />
			<line number="18"  hits="3"  branch="false" />
			<line number="19"  hits="3"  branch="false" />
			<line number="20"  hits="3"  branch="false" />
			<line number="21"  hits="3"  branch="false" />
			<line number="22"  hits="3"  branch="false" />
			<line number="23"  hits="3"  branch="false" />
			<line number="25"  hits="3"  branch="false" />
			<line number="26"  hits="3"  branch="false" />
			<line number="27"  hits="6"  branch="false" />
			<line number="28"  hits="3"  branch="false" />
			<line number="29"  hits="0"  branch="false" />
			<line number="32"  hits="1"  branch="false" />
			<line number="34"  hits="5"  branch="false" />
			<line number="37"  hits="2"  branch="false" />
			<line number="38"  hits="2"  branch="false" />
			<line number="43"  hits="1"  branch="false" />
			<line number="44"  hits="5"  branch="false" />
			<line number="45"  hits="5"  branch="false" />
			<line number="46"  hits="5"  branch="true"  condition-coverage="100% (2/2)" />
			<line number="47"  hits="3"  branch="false" />
			<line number="50"  hits="2"  branch="false" />
			<line number="52"  hits="5"  branch="false" />
			<line number="53"  hits="5"  branch="false" />
			<line number="54"  hits="5"  branch="false" />
			<line number="57"  hits="1"  branch="false" />
			<line number="58"  hits="15"  branch="false" />
			<line number="61"  hits="15"  branch="false" />
			<line number="67"  hits="1"  branch="false" />
			<line number="68"  hits="1"  branch="false" />
			<line number="70"  hits="1"  branch="false" />
		</lines>
		</class>
		<class name="assetutilizationwidgetedit.controller.ts"  filename="source\assetutilization\assetutilizationwidgetedit.controller.ts"  line-rate="1"  branch-rate="1" >
		<methods>
			<method name="(anonymous_1)"  hits="1"  signature="()V" >
				<lines><line number="2"  hits="1" /></lines>
			</method>
			<method name="AssetUtilizationWidgetEditController"  hits="0"  signature="()V" >
				<lines><line number="4"  hits="0" /></lines>
			</method>
		</methods>
		<lines>
			<line number="2"  hits="1"  branch="false" />
			<line number="4"  hits="1"  branch="false" />
			<line number="6"  hits="1"  branch="false" />
			<line number="7"  hits="1"  branch="false" />
			<line number="9"  hits="1"  branch="false" />
		</lines>
		</class>
	</classes>
	</package>
	<package name="common"  line-rate="0.5534"  branch-rate="0.2836" >
	<classes>
		<class name="404.controller.ts"  filename="source\common\404.controller.ts"  line-rate="1"  branch-rate="1" >
		<methods>
			<method name="(anonymous_1)"  hits="17"  signature="()V" >
				<lines><line number="2"  hits="17" /></lines>
			</method>
			<method name="FourOFourController"  hits="0"  signature="()V" >
				<lines><line number="3"  hits="0" /></lines>
			</method>
		</methods>
		<lines>
			<line number="2"  hits="17"  branch="false" />
			<line number="3"  hits="1"  branch="false" />
			<line number="5"  hits="17"  branch="false" />
			<line number="6"  hits="17"  branch="false" />
			<line number="8"  hits="17"  branch="false" />
		</lines>
		</class>
		<class name="angular-rwdImageMaps.directive.ts"  filename="source\common\angular-rwdImageMaps.directive.ts"  line-rate="0.22579999999999997"  branch-rate="0" >
		<methods>
			<method name="(anonymous_1)"  hits="17"  signature="()V" >
				<lines><line number="17"  hits="17" /></lines>
			</method>
			<method name="RwdImageMapsDirective"  hits="0"  signature="()V" >
				<lines><line number="18"  hits="0" /></lines>
			</method>
			<method name="(anonymous_3)"  hits="0"  signature="()V" >
				<lines><line number="21"  hits="0" /></lines>
			</method>
			<method name="(anonymous_4)"  hits="0"  signature="()V" >
				<lines><line number="24"  hits="0" /></lines>
			</method>
			<method name="(anonymous_5)"  hits="0"  signature="()V" >
				<lines><line number="25"  hits="0" /></lines>
			</method>
			<method name="resize"  hits="0"  signature="()V" >
				<lines><line number="27"  hits="0" /></lines>
			</method>
			<method name="(anonymous_7)"  hits="0"  signature="()V" >
				<lines><line number="42"  hits="0" /></lines>
			</method>
		</methods>
		<lines>
			<line number="17"  hits="17"  branch="false" />
			<line number="18"  hits="1"  branch="false" />
			<line number="21"  hits="17"  branch="false" />
			<line number="22"  hits="0"  branch="false" />
			<line number="25"  hits="0"  branch="false" />
			<line number="26"  hits="0"  branch="false" />
			<line number="27"  hits="1"  branch="false" />
			<line number="28"  hits="0"  branch="true"  condition-coverage="0% (0/4)" />
			<line number="29"  hits="0"  branch="false" />
			<line number="30"  hits="0"  branch="false" />
			<line number="31"  hits="0"  branch="true"  condition-coverage="0% (0/2)" />
			<line number="32"  hits="0"  branch="false" />
			<line number="34"  hits="0"  branch="true"  condition-coverage="0% (0/2)" />
			<line number="35"  hits="0"  branch="false" />
			<line number="37"  hits="0"  branch="true"  condition-coverage="0% (0/2)" />
			<line number="38"  hits="0"  branch="false" />
			<line number="41"  hits="0"  branch="false" />
			<line number="42"  hits="0"  branch="false" />
			<line number="43"  hits="0"  branch="false" />
			<line number="44"  hits="0"  branch="true"  condition-coverage="0% (0/2)" />
			<line number="45"  hits="0"  branch="false" />
			<line number="47"  hits="0"  branch="false" />
			<line number="48"  hits="0"  branch="false" />
			<line number="49"  hits="0"  branch="true"  condition-coverage="0% (0/2)" />
			<line number="50"  hits="0"  branch="false" />
			<line number="53"  hits="0"  branch="false" />
			<line number="58"  hits="0"  branch="false" />
			<line number="61"  hits="0"  branch="false" />
			<line number="66"  hits="17"  branch="false" />
			<line number="67"  hits="17"  branch="false" />
			<line number="69"  hits="17"  branch="false" />
		</lines>
		</class>
		<class name="casefilters.filter.ts"  filename="source\common\casefilters.filter.ts"  line-rate="0.6"  branch-rate="0" >
		<methods>
			<method name="(anonymous_1)"  hits="17"  signature="()V" >
				<lines><line number="2"  hits="17" /></lines>
			</method>
			<method name="ReplaceNegativesFilter"  hits="0"  signature="()V" >
				<lines><line number="3"  hits="0" /></lines>
			</method>
			<method name="(anonymous_3)"  hits="0"  signature="()V" >
				<lines><line number="6"  hits="0" /></lines>
			</method>
			<method name="(anonymous_4)"  hits="0"  signature="()V" >
				<lines><line number="7"  hits="0" /></lines>
			</method>
			<method name="(anonymous_5)"  hits="17"  signature="()V" >
				<lines><line number="20"  hits="17" /></lines>
			</method>
			<method name="ReplaceNoDataFilter"  hits="0"  signature="()V" >
				<lines><line number="21"  hits="0" /></lines>
			</method>
			<method name="(anonymous_7)"  hits="0"  signature="()V" >
				<lines><line number="24"  hits="0" /></lines>
			</method>
			<method name="(anonymous_8)"  hits="0"  signature="()V" >
				<lines><line number="25"  hits="0" /></lines>
			</method>
		</methods>
		<lines>
			<line number="2"  hits="17"  branch="false" />
			<line number="3"  hits="1"  branch="false" />
			<line number="6"  hits="17"  branch="false" />
			<line number="7"  hits="0"  branch="false" />
			<line number="8"  hits="0"  branch="true"  condition-coverage="0% (0/4)" />
			<line number="9"  hits="0"  branch="false" />
			<line number="12"  hits="0"  branch="false" />
			<line number="16"  hits="17"  branch="false" />
			<line number="17"  hits="17"  branch="false" />
			<line number="19"  hits="17"  branch="false" />
			<line number="20"  hits="17"  branch="false" />
			<line number="21"  hits="1"  branch="false" />
			<line number="24"  hits="17"  branch="false" />
			<line number="25"  hits="0"  branch="false" />
			<line number="26"  hits="0"  branch="true"  condition-coverage="0% (0/4)" />
			<line number="27"  hits="0"  branch="false" />
			<line number="30"  hits="0"  branch="false" />
			<line number="34"  hits="17"  branch="false" />
			<line number="35"  hits="17"  branch="false" />
			<line number="37"  hits="17"  branch="false" />
		</lines>
		</class>
		<class name="common.module.ts"  filename="source\common\common.module.ts"  line-rate="1"  branch-rate="1" >
		<methods>
		</methods>
		<lines>
			<line number="2"  hits="17"  branch="false" />
			<line number="3"  hits="17"  branch="false" />
			<line number="4"  hits="17"  branch="false" />
			<line number="5"  hits="17"  branch="false" />
			<line number="6"  hits="17"  branch="false" />
			<line number="7"  hits="17"  branch="false" />
			<line number="8"  hits="17"  branch="false" />
			<line number="9"  hits="17"  branch="false" />
			<line number="10"  hits="17"  branch="false" />
			<line number="11"  hits="17"  branch="false" />
			<line number="12"  hits="17"  branch="false" />
			<line number="13"  hits="17"  branch="false" />
			<line number="14"  hits="17"  branch="false" />
			<line number="15"  hits="17"  branch="false" />
			<line number="16"  hits="17"  branch="false" />
			<line number="17"  hits="17"  branch="false" />
			<line number="18"  hits="17"  branch="false" />
			<line number="19"  hits="17"  branch="false" />
			<line number="20"  hits="17"  branch="false" />
			<line number="21"  hits="17"  branch="false" />
		</lines>
		</class>
		<class name="datadisplayrules.filter.ts"  filename="source\common\datadisplayrules.filter.ts"  line-rate="0.84"  branch-rate="0.8261" >
		<methods>
			<method name="(anonymous_1)"  hits="17"  signature="()V" >
				<lines><line number="2"  hits="17" /></lines>
			</method>
			<method name="DataDisplayRules"  hits="0"  signature="()V" >
				<lines><line number="3"  hits="0" /></lines>
			</method>
			<method name="(anonymous_3)"  hits="19"  signature="()V" >
				<lines><line number="5"  hits="19" /></lines>
			</method>
			<method name="(anonymous_4)"  hits="18"  signature="()V" >
				<lines><line number="6"  hits="18" /></lines>
			</method>
		</methods>
		<lines>
			<line number="2"  hits="17"  branch="false" />
			<line number="3"  hits="1"  branch="false" />
			<line number="5"  hits="17"  branch="false" />
			<line number="6"  hits="19"  branch="false" />
			<line number="7"  hits="18"  branch="true"  condition-coverage="100% (2/2)" />
			<line number="8"  hits="1"  branch="true"  condition-coverage="50% (1/2)" />
			<line number="9"  hits="0"  branch="true"  condition-coverage="0% (0/2)" />
			<line number="10"  hits="0"  branch="false" />
			<line number="12"  hits="0"  branch="false" />
			<line number="14"  hits="1"  branch="false" />
			<line number="16"  hits="17"  branch="true"  condition-coverage="100% (2/2)" />
			<line number="17"  hits="9"  branch="true"  condition-coverage="100% (2/2)" />
			<line number="18"  hits="3"  branch="true"  condition-coverage="50% (1/2)" />
			<line number="19"  hits="0"  branch="false" />
			<line number="21"  hits="3"  branch="false" />
			<line number="24"  hits="14"  branch="true"  condition-coverage="100% (7/7)" />
			<line number="25"  hits="11"  branch="true"  condition-coverage="100% (2/2)" />
			<line number="26"  hits="3"  branch="false" />
			<line number="28"  hits="8"  branch="false" />
			<line number="30"  hits="3"  branch="true"  condition-coverage="100% (2/2)" />
			<line number="31"  hits="2"  branch="false" />
			<line number="33"  hits="1"  branch="false" />
			<line number="36"  hits="17"  branch="false" />
			<line number="37"  hits="17"  branch="false" />
			<line number="39"  hits="17"  branch="false" />
		</lines>
		</class>
		<class name="log.service.ts"  filename="source\common\log.service.ts"  line-rate="0.6923"  branch-rate="1" >
		<methods>
			<method name="(anonymous_1)"  hits="17"  signature="()V" >
				<lines><line number="2"  hits="17" /></lines>
			</method>
			<method name="LogService"  hits="75"  signature="()V" >
				<lines><line number="3"  hits="75" /></lines>
			</method>
			<method name="(anonymous_3)"  hits="0"  signature="()V" >
				<lines><line number="5"  hits="0" /></lines>
			</method>
			<method name="(anonymous_4)"  hits="0"  signature="()V" >
				<lines><line number="8"  hits="0" /></lines>
			</method>
			<method name="(anonymous_5)"  hits="0"  signature="()V" >
				<lines><line number="11"  hits="0" /></lines>
			</method>
			<method name="(anonymous_6)"  hits="0"  signature="()V" >
				<lines><line number="14"  hits="0" /></lines>
			</method>
		</methods>
		<lines>
			<line number="2"  hits="17"  branch="false" />
			<line number="3"  hits="1"  branch="false" />
			<line number="5"  hits="17"  branch="false" />
			<line number="6"  hits="0"  branch="false" />
			<line number="8"  hits="17"  branch="false" />
			<line number="9"  hits="0"  branch="false" />
			<line number="11"  hits="17"  branch="false" />
			<line number="12"  hits="0"  branch="false" />
			<line number="14"  hits="17"  branch="false" />
			<line number="15"  hits="0"  branch="false" />
			<line number="17"  hits="17"  branch="false" />
			<line number="18"  hits="17"  branch="false" />
			<line number="20"  hits="17"  branch="false" />
		</lines>
		</class>
		<class name="logout.controller.ts"  filename="source\common\logout.controller.ts"  line-rate="0.75"  branch-rate="1" >
		<methods>
			<method name="(anonymous_1)"  hits="17"  signature="()V" >
				<lines><line number="2"  hits="17" /></lines>
			</method>
			<method name="LogoutController"  hits="0"  signature="()V" >
				<lines><line number="4"  hits="0" /></lines>
			</method>
			<method name="(anonymous_3)"  hits="0"  signature="()V" >
				<lines><line number="7"  hits="0" /></lines>
			</method>
		</methods>
		<lines>
			<line number="2"  hits="17"  branch="false" />
			<line number="4"  hits="1"  branch="false" />
			<line number="5"  hits="0"  branch="false" />
			<line number="7"  hits="17"  branch="false" />
			<line number="8"  hits="0"  branch="false" />
			<line number="10"  hits="17"  branch="false" />
			<line number="11"  hits="17"  branch="false" />
			<line number="13"  hits="17"  branch="false" />
		</lines>
		</class>
		<class name="maps.service.ts"  filename="source\common\maps.service.ts"  line-rate="1"  branch-rate="1" >
		<methods>
			<method name="(anonymous_1)"  hits="17"  signature="()V" >
				<lines><line number="2"  hits="17" /></lines>
			</method>
			<method name="MapsService"  hits="45"  signature="()V" >
				<lines><line number="4"  hits="45" /></lines>
			</method>
			<method name="(anonymous_3)"  hits="45"  signature="()V" >
				<lines><line number="6"  hits="45" /></lines>
			</method>
		</methods>
		<lines>
			<line number="2"  hits="17"  branch="false" />
			<line number="4"  hits="1"  branch="false" />
			<line number="6"  hits="17"  branch="false" />
			<line number="7"  hits="45"  branch="false" />
			<line number="12"  hits="45"  branch="false" />
			<line number="14"  hits="17"  branch="false" />
			<line number="15"  hits="17"  branch="false" />
			<line number="17"  hits="17"  branch="false" />
		</lines>
		</class>
		<class name="overlay.directive.ts"  filename="source\common\overlay.directive.ts"  line-rate="0.2609"  branch-rate="0" >
		<methods>
			<method name="(anonymous_1)"  hits="17"  signature="()V" >
				<lines><line number="2"  hits="17" /></lines>
			</method>
			<method name="OverlayDirective"  hits="0"  signature="()V" >
				<lines><line number="3"  hits="0" /></lines>
			</method>
			<method name="(anonymous_3)"  hits="0"  signature="()V" >
				<lines><line number="6"  hits="0" /></lines>
			</method>
			<method name="postLink"  hits="0"  signature="()V" >
				<lines><line number="10"  hits="0" /></lines>
			</method>
			<method name="(anonymous_5)"  hits="0"  signature="()V" >
				<lines><line number="22"  hits="0" /></lines>
			</method>
			<method name="(anonymous_6)"  hits="0"  signature="()V" >
				<lines><line number="25"  hits="0" /></lines>
			</method>
			<method name="(anonymous_7)"  hits="0"  signature="()V" >
				<lines><line number="30"  hits="0" /></lines>
			</method>
			<method name="(anonymous_8)"  hits="0"  signature="()V" >
				<lines><line number="35"  hits="0" /></lines>
			</method>
		</methods>
		<lines>
			<line number="2"  hits="17"  branch="false" />
			<line number="3"  hits="1"  branch="false" />
			<line number="6"  hits="17"  branch="false" />
			<line number="7"  hits="0"  branch="false" />
			<line number="11"  hits="0"  branch="false" />
			<line number="12"  hits="0"  branch="false" />
			<line number="13"  hits="0"  branch="false" />
			<line number="14"  hits="0"  branch="true"  condition-coverage="0% (0/4)" />
			<line number="16"  hits="0"  branch="false" />
			<line number="17"  hits="0"  branch="false" />
			<line number="18"  hits="0"  branch="false" />
			<line number="23"  hits="0"  branch="false" />
			<line number="26"  hits="0"  branch="false" />
			<line number="30"  hits="0"  branch="false" />
			<line number="31"  hits="0"  branch="false" />
			<line number="33"  hits="0"  branch="false" />
			<line number="35"  hits="0"  branch="false" />
			<line number="36"  hits="0"  branch="false" />
			<line number="38"  hits="0"  branch="false" />
			<line number="42"  hits="0"  branch="false" />
			<line number="46"  hits="17"  branch="false" />
			<line number="47"  hits="17"  branch="false" />
			<line number="49"  hits="17"  branch="false" />
		</lines>
		</class>
		<class name="smarttabletstate.directive.ts"  filename="source\common\smarttabletstate.directive.ts"  line-rate="0.375"  branch-rate="1" >
		<methods>
			<method name="(anonymous_1)"  hits="17"  signature="()V" >
				<lines><line number="4"  hits="17" /></lines>
			</method>
			<method name="SmartTableStateDirective"  hits="0"  signature="()V" >
				<lines><line number="5"  hits="0" /></lines>
			</method>
			<method name="(anonymous_3)"  hits="0"  signature="()V" >
				<lines><line number="8"  hits="0" /></lines>
			</method>
			<method name="(anonymous_4)"  hits="0"  signature="()V" >
				<lines><line number="15"  hits="0" /></lines>
			</method>
			<method name="(anonymous_5)"  hits="0"  signature="()V" >
				<lines><line number="17"  hits="0" /></lines>
			</method>
			<method name="(anonymous_6)"  hits="0"  signature="()V" >
				<lines><line number="17"  hits="0" /></lines>
			</method>
			<method name="(anonymous_7)"  hits="0"  signature="()V" >
				<lines><line number="20"  hits="0" /></lines>
			</method>
			<method name="(anonymous_8)"  hits="0"  signature="()V" >
				<lines><line number="20"  hits="0" /></lines>
			</method>
		</methods>
		<lines>
			<line number="4"  hits="17"  branch="false" />
			<line number="5"  hits="1"  branch="false" />
			<line number="8"  hits="17"  branch="false" />
			<line number="9"  hits="0"  branch="false" />
			<line number="17"  hits="0"  branch="false" />
			<line number="18"  hits="0"  branch="false" />
			<line number="20"  hits="0"  branch="false" />
			<line number="21"  hits="0"  branch="false" />
			<line number="22"  hits="0"  branch="false" />
			<line number="23"  hits="0"  branch="false" />
			<line number="25"  hits="0"  branch="false" />
			<line number="26"  hits="0"  branch="false" />
			<line number="27"  hits="0"  branch="false" />
			<line number="31"  hits="17"  branch="false" />
			<line number="32"  hits="17"  branch="false" />
			<line number="34"  hits="17"  branch="false" />
		</lines>
		</class>
		<class name="usersettings.service.ts"  filename="source\common\usersettings.service.ts"  line-rate="0.3043"  branch-rate="0" >
		<methods>
			<method name="(anonymous_1)"  hits="17"  signature="()V" >
				<lines><line number="2"  hits="17" /></lines>
			</method>
			<method name="UserSettingsService"  hits="0"  signature="()V" >
				<lines><line number="4"  hits="0" /></lines>
			</method>
			<method name="(anonymous_3)"  hits="0"  signature="()V" >
				<lines><line number="7"  hits="0" /></lines>
			</method>
			<method name="(anonymous_4)"  hits="0"  signature="()V" >
				<lines><line number="21"  hits="0" /></lines>
			</method>
		</methods>
		<lines>
			<line number="2"  hits="17"  branch="false" />
			<line number="4"  hits="1"  branch="false" />
			<line number="5"  hits="0"  branch="false" />
			<line number="7"  hits="17"  branch="false" />
			<line number="8"  hits="0"  branch="true"  condition-coverage="0% (0/2)" />
			<line number="9"  hits="0"  branch="false" />
			<line number="11"  hits="0"  branch="true"  condition-coverage="0% (0/2)" />
			<line number="12"  hits="0"  branch="true"  condition-coverage="0% (0/2)" />
			<line number="14"  hits="0"  branch="false" />
			<line number="17"  hits="0"  branch="false" />
			<line number="21"  hits="17"  branch="false" />
			<line number="22"  hits="0"  branch="true"  condition-coverage="0% (0/2)" />
			<line number="23"  hits="0"  branch="false" />
			<line number="25"  hits="0"  branch="true"  condition-coverage="0% (0/2)" />
			<line number="26"  hits="0"  branch="false" />
			<line number="27"  hits="0"  branch="true"  condition-coverage="0% (0/2)" />
			<line number="28"  hits="0"  branch="false" />
			<line number="31"  hits="0"  branch="true"  condition-coverage="0% (0/2)" />
			<line number="32"  hits="0"  branch="false" />
			<line number="35"  hits="0"  branch="false" />
			<line number="40"  hits="17"  branch="false" />
			<line number="41"  hits="17"  branch="false" />
			<line number="43"  hits="17"  branch="false" />
		</lines>
		</class>
		<class name="widgetmobilecollapse.directive.ts"  filename="source\common\widgetmobilecollapse.directive.ts"  line-rate="0.5"  branch-rate="0" >
		<methods>
			<method name="(anonymous_1)"  hits="17"  signature="()V" >
				<lines><line number="2"  hits="17" /></lines>
			</method>
			<method name="WidgetMobileCollapseDirective"  hits="0"  signature="()V" >
				<lines><line number="3"  hits="0" /></lines>
			</method>
			<method name="(anonymous_3)"  hits="0"  signature="()V" >
				<lines><line number="6"  hits="0" /></lines>
			</method>
			<method name="(anonymous_4)"  hits="0"  signature="()V" >
				<lines><line number="9"  hits="0" /></lines>
			</method>
			<method name="resizeFuelChart"  hits="0"  signature="()V" >
				<lines><line number="11"  hits="0" /></lines>
			</method>
			<method name="(anonymous_6)"  hits="0"  signature="()V" >
				<lines><line number="13"  hits="0" /></lines>
			</method>
			<method name="(anonymous_7)"  hits="0"  signature="()V" >
				<lines><line number="22"  hits="0" /></lines>
			</method>
			<method name="(anonymous_8)"  hits="0"  signature="()V" >
				<lines><line number="22"  hits="0" /></lines>
			</method>
		</methods>
		<lines>
			<line number="2"  hits="17"  branch="false" />
			<line number="3"  hits="1"  branch="false" />
			<line number="6"  hits="17"  branch="false" />
			<line number="7"  hits="0"  branch="false" />
			<line number="11"  hits="1"  branch="false" />
			<line number="12"  hits="0"  branch="true"  condition-coverage="0% (0/2)" />
			<line number="13"  hits="0"  branch="false" />
			<line number="16"  hits="0"  branch="true"  condition-coverage="0% (0/2)" />
			<line number="17"  hits="0"  branch="false" />
			<line number="20"  hits="0"  branch="false" />
			<line number="22"  hits="0"  branch="false" />
			<line number="26"  hits="17"  branch="false" />
			<line number="27"  hits="17"  branch="false" />
			<line number="29"  hits="17"  branch="false" />
		</lines>
		</class>
	</classes>
	</package>
	<package name="common.asset"  line-rate="0.8429000000000001"  branch-rate="0.7" >
	<classes>
		<class name="asset.model.ts"  filename="source\common\asset\asset.model.ts"  line-rate="1"  branch-rate="0.5714" >
		<methods>
			<method name="(anonymous_1)"  hits="2"  signature="()V" >
				<lines><line number="2"  hits="2" /></lines>
			</method>
			<method name="__"  hits="2"  signature="()V" >
				<lines><line number="4"  hits="2" /></lines>
			</method>
			<method name="(anonymous_3)"  hits="2"  signature="()V" >
				<lines><line number="8"  hits="2" /></lines>
			</method>
			<method name="Asset"  hits="6"  signature="()V" >
				<lines><line number="10"  hits="6" /></lines>
			</method>
		</methods>
		<lines>
			<line number="2"  hits="2"  branch="true"  condition-coverage="100% (3/3)" />
			<line number="3"  hits="2"  branch="true"  condition-coverage="0% (0/2)" />
			<line number="4"  hits="2"  branch="false" />
			<line number="5"  hits="2"  branch="true"  condition-coverage="50% (1/2)" />
			<line number="7"  hits="2"  branch="false" />
			<line number="8"  hits="2"  branch="false" />
			<line number="9"  hits="2"  branch="false" />
			<line number="10"  hits="1"  branch="false" />
			<line number="11"  hits="6"  branch="false" />
			<line number="13"  hits="2"  branch="false" />
			<line number="15"  hits="2"  branch="false" />
		</lines>
		</class>
		<class name="assetpagingstate.model.ts"  filename="source\common\asset\assetpagingstate.model.ts"  line-rate="0.8946999999999999"  branch-rate="1" >
		<methods>
			<method name="(anonymous_1)"  hits="8"  signature="()V" >
				<lines><line number="2"  hits="8" /></lines>
			</method>
			<method name="AssetPagingState"  hits="129"  signature="()V" >
				<lines><line number="3"  hits="129" /></lines>
			</method>
			<method name="(anonymous_3)"  hits="44"  signature="()V" >
				<lines><line number="7"  hits="44" /></lines>
			</method>
			<method name="(anonymous_4)"  hits="2"  signature="()V" >
				<lines><line number="11"  hits="2" /></lines>
			</method>
			<method name="(anonymous_5)"  hits="39"  signature="()V" >
				<lines><line number="14"  hits="39" /></lines>
			</method>
			<method name="(anonymous_6)"  hits="0"  signature="()V" >
				<lines><line number="18"  hits="0" /></lines>
			</method>
		</methods>
		<lines>
			<line number="2"  hits="8"  branch="false" />
			<line number="3"  hits="1"  branch="false" />
			<line number="4"  hits="129"  branch="false" />
			<line number="5"  hits="129"  branch="false" />
			<line number="7"  hits="8"  branch="false" />
			<line number="8"  hits="44"  branch="false" />
			<line number="9"  hits="44"  branch="false" />
			<line number="11"  hits="8"  branch="false" />
			<line number="12"  hits="2"  branch="false" />
			<line number="14"  hits="8"  branch="false" />
			<line number="15"  hits="39"  branch="false" />
			<line number="16"  hits="39"  branch="false" />
			<line number="18"  hits="8"  branch="false" />
			<line number="19"  hits="0"  branch="false" />
			<line number="20"  hits="0"  branch="false" />
			<line number="22"  hits="8"  branch="false" />
			<line number="23"  hits="8"  branch="false" />
			<line number="24"  hits="8"  branch="false" />
			<line number="26"  hits="8"  branch="false" />
		</lines>
		</class>
		<class name="assetsortstate.model.ts"  filename="source\common\asset\assetsortstate.model.ts"  line-rate="0.9301999999999999"  branch-rate="0.6944" >
		<methods>
			<method name="(anonymous_1)"  hits="9"  signature="()V" >
				<lines><line number="2"  hits="9" /></lines>
			</method>
			<method name="AssetSortState"  hits="48"  signature="()V" >
				<lines><line number="3"  hits="48" /></lines>
			</method>
			<method name="(anonymous_3)"  hits="47"  signature="()V" >
				<lines><line number="8"  hits="47" /></lines>
			</method>
			<method name="(anonymous_4)"  hits="43"  signature="()V" >
				<lines><line number="12"  hits="43" /></lines>
			</method>
			<method name="(anonymous_5)"  hits="1"  signature="()V" >
				<lines><line number="17"  hits="1" /></lines>
			</method>
			<method name="(anonymous_6)"  hits="0"  signature="()V" >
				<lines><line number="21"  hits="0" /></lines>
			</method>
			<method name="(anonymous_7)"  hits="2"  signature="()V" >
				<lines><line number="24"  hits="2" /></lines>
			</method>
			<method name="(anonymous_8)"  hits="4"  signature="()V" >
				<lines><line number="36"  hits="4" /></lines>
			</method>
			<method name="(anonymous_9)"  hits="90"  signature="()V" >
				<lines><line number="42"  hits="90" /></lines>
			</method>
			<method name="(anonymous_10)"  hits="44"  signature="()V" >
				<lines><line number="56"  hits="44" /></lines>
			</method>
		</methods>
		<lines>
			<line number="2"  hits="9"  branch="false" />
[...]
			</method>
			<method name="(anonymous_21)"  hits="3"  signature="()V" >
				<lines><line number="112"  hits="3" /></lines>
			</method>
		</methods>
		<lines>
			<line number="2"  hits="1"  branch="false" />
			<line number="3"  hits="1"  branch="false" />
			<line number="4"  hits="1"  branch="false" />
			<line number="6"  hits="1"  branch="false" />
			<line number="7"  hits="2"  branch="false" />
			<line number="8"  hits="2"  branch="false" />
			<line number="9"  hits="2"  branch="false" />
			<line number="10"  hits="2"  branch="false" />
			<line number="11"  hits="2"  branch="false" />
			<line number="12"  hits="2"  branch="false" />
			<line number="13"  hits="2"  branch="false" />
			<line number="14"  hits="2"  branch="false" />
			<line number="15"  hits="2"  branch="false" />
			<line number="41"  hits="2"  branch="false" />
			<line number="49"  hits="0"  branch="false" />
			<line number="52"  hits="0"  branch="false" />
			<line number="58"  hits="0"  branch="false" />
			<line number="61"  hits="0"  branch="false" />
			<line number="76"  hits="2"  branch="false" />
			<line number="77"  hits="2"  branch="false" />
			<line number="78"  hits="2"  branch="true"  condition-coverage="50% (1/2)" />
			<line number="79"  hits="2"  branch="false" />
			<line number="80"  hits="2"  branch="false" />
			<line number="81"  hits="2"  branch="false" />
			<line number="82"  hits="3"  branch="false" />
			<line number="83"  hits="1"  branch="false" />
			<line number="85"  hits="2"  branch="false" />
			<line number="86"  hits="0"  branch="false" />
			<line number="88"  hits="2"  branch="false" />
			<line number="89"  hits="0"  branch="false" />
			<line number="92"  hits="1"  branch="false" />
			<line number="93"  hits="1"  branch="false" />
			<line number="95"  hits="1"  branch="false" />
			<line number="96"  hits="3"  branch="false" />
			<line number="97"  hits="3"  branch="false" />
			<line number="98"  hits="2"  branch="false" />
			<line number="99"  hits="2"  branch="false" />
			<line number="101"  hits="2"  branch="false" />
			<line number="102"  hits="4"  branch="false" />
			<line number="104"  hits="2"  branch="false" />
			<line number="105"  hits="6"  branch="false" />
			<line number="107"  hits="2"  branch="false" />
			<line number="108"  hits="8"  branch="false" />
			<line number="112"  hits="1"  branch="false" />
			<line number="113"  hits="3"  branch="false" />
			<line number="114"  hits="3"  branch="true"  condition-coverage="75% (3/4)" />
			<line number="116"  hits="1"  branch="false" />
			<line number="117"  hits="1"  branch="false" />
			<line number="118"  hits="1"  branch="false" />
			<line number="120"  hits="1"  branch="true"  condition-coverage="50% (1/2)" />
			<line number="121"  hits="1"  branch="false" />
			<line number="122"  hits="1"  branch="false" />
			<line number="124"  hits="1"  branch="false" />
			<line number="125"  hits="1"  branch="false" />
			<line number="126"  hits="1"  branch="false" />
			<line number="128"  hits="0"  branch="false" />
			<line number="131"  hits="1"  branch="false" />
			<line number="132"  hits="1"  branch="false" />
			<line number="134"  hits="1"  branch="false" />
		</lines>
		</class>
		<class name="idlinglevelwidget.module.ts"  filename="source\idling\idlinglevelwidget.module.ts"  line-rate="1"  branch-rate="1" >
		<methods>
			<method name="(anonymous_1)"  hits="6"  signature="()V" >
				<lines><line number="10"  hits="6" /></lines>
			</method>
		</methods>
		<lines>
			<line number="2"  hits="1"  branch="false" />
			<line number="3"  hits="1"  branch="false" />
			<line number="4"  hits="1"  branch="false" />
			<line number="5"  hits="1"  branch="false" />
			<line number="6"  hits="1"  branch="false" />
			<line number="7"  hits="1"  branch="false" />
			<line number="8"  hits="1"  branch="false" />
			<line number="9"  hits="1"  branch="false" />
			<line number="11"  hits="6"  branch="false" />
		</lines>
		</class>
	</classes>
	</package>
	<package name="location"  line-rate="0.1277"  branch-rate="0" >
	<classes>
		<class name="locationdetails.controller.ts"  filename="source\location\locationdetails.controller.ts"  line-rate="0.1277"  branch-rate="0" >
		<methods>
			<method name="(anonymous_1)"  hits="6"  signature="()V" >
				<lines><line number="2"  hits="6" /></lines>
			</method>
			<method name="LocationDetailsController"  hits="0"  signature="()V" >
				<lines><line number="4"  hits="0" /></lines>
			</method>
			<method name="(anonymous_3)"  hits="0"  signature="()V" >
				<lines><line number="37"  hits="0" /></lines>
			</method>
			<method name="(anonymous_4)"  hits="0"  signature="()V" >
				<lines><line number="45"  hits="0" /></lines>
			</method>
			<method name="(anonymous_5)"  hits="0"  signature="()V" >
				<lines><line number="69"  hits="0" /></lines>
			</method>
			<method name="(anonymous_6)"  hits="0"  signature="()V" >
				<lines><line number="93"  hits="0" /></lines>
			</method>
			<method name="(anonymous_7)"  hits="0"  signature="()V" >
				<lines><line number="116"  hits="0" /></lines>
			</method>
			<method name="(anonymous_8)"  hits="0"  signature="()V" >
				<lines><line number="118"  hits="0" /></lines>
			</method>
			<method name="(anonymous_9)"  hits="0"  signature="()V" >
				<lines><line number="131"  hits="0" /></lines>
			</method>
			<method name="(anonymous_10)"  hits="0"  signature="()V" >
				<lines><line number="136"  hits="0" /></lines>
			</method>
			<method name="(anonymous_11)"  hits="0"  signature="()V" >
				<lines><line number="148"  hits="0" /></lines>
			</method>
		</methods>
		<lines>
			<line number="2"  hits="6"  branch="false" />
			<line number="4"  hits="1"  branch="false" />
			<line number="5"  hits="0"  branch="false" />
			<line number="6"  hits="0"  branch="false" />
			<line number="7"  hits="0"  branch="false" />
			<line number="8"  hits="0"  branch="false" />
			<line number="9"  hits="0"  branch="false" />
			<line number="10"  hits="0"  branch="false" />
			<line number="11"  hits="0"  branch="false" />
			<line number="12"  hits="0"  branch="false" />
			<line number="13"  hits="0"  branch="false" />
			<line number="14"  hits="0"  branch="false" />
			<line number="15"  hits="0"  branch="false" />
			<line number="16"  hits="0"  branch="false" />
			<line number="17"  hits="0"  branch="false" />
			<line number="21"  hits="0"  branch="false" />
			<line number="23"  hits="0"  branch="false" />
			<line number="34"  hits="0"  branch="true"  condition-coverage="0% (0/2)" />
			<line number="35"  hits="0"  branch="false" />
			<line number="37"  hits="0"  branch="false" />
			<line number="38"  hits="0"  branch="false" />
			<line number="39"  hits="0"  branch="false" />
			<line number="41"  hits="0"  branch="false" />
			<line number="43"  hits="0"  branch="false" />
			<line number="45"  hits="6"  branch="false" />
			<line number="46"  hits="0"  branch="true"  condition-coverage="0% (0/2)" />
			<line number="47"  hits="0"  branch="true"  condition-coverage="0% (0/2)" />
			<line number="48"  hits="0"  branch="false" />
			<line number="49"  hits="0"  branch="false" />
			<line number="50"  hits="0"  branch="false" />
			<line number="51"  hits="0"  branch="false" />
			<line number="53"  hits="0"  branch="true"  condition-coverage="0% (0/2)" />
			<line number="54"  hits="0"  branch="false" />
			<line number="55"  hits="0"  branch="false" />
			<line number="58"  hits="0"  branch="false" />
			<line number="59"  hits="0"  branch="false" />
			<line number="60"  hits="0"  branch="false" />
			<line number="61"  hits="0"  branch="false" />
			<line number="65"  hits="0"  branch="false" />
			<line number="67"  hits="0"  branch="false" />
			<line number="69"  hits="6"  branch="false" />
			<line number="70"  hits="0"  branch="true"  condition-coverage="0% (0/2)" />
			<line number="71"  hits="0"  branch="true"  condition-coverage="0% (0/2)" />
			<line number="72"  hits="0"  branch="false" />
			<line number="73"  hits="0"  branch="false" />
			<line number="75"  hits="0"  branch="true"  condition-coverage="0% (0/2)" />
			<line number="76"  hits="0"  branch="false" />
			<line number="77"  hits="0"  branch="false" />
			<line number="78"  hits="0"  branch="false" />
			<line number="79"  hits="0"  branch="false" />
			<line number="82"  hits="0"  branch="false" />
			<line number="83"  hits="0"  branch="false" />
			<line number="84"  hits="0"  branch="false" />
			<line number="85"  hits="0"  branch="false" />
			<line number="89"  hits="0"  branch="false" />
			<line number="91"  hits="0"  branch="false" />
			<line number="93"  hits="6"  branch="false" />
			<line number="94"  hits="0"  branch="true"  condition-coverage="0% (0/2)" />
			<line number="95"  hits="0"  branch="true"  condition-coverage="0% (0/2)" />
			<line number="96"  hits="0"  branch="false" />
			<line number="97"  hits="0"  branch="false" />
			<line number="99"  hits="0"  branch="true"  condition-coverage="0% (0/2)" />
			<line number="100"  hits="0"  branch="false" />
			<line number="101"  hits="0"  branch="false" />
			<line number="104"  hits="0"  branch="false" />
			<line number="105"  hits="0"  branch="false" />
			<line number="107"  hits="0"  branch="true"  condition-coverage="0% (0/2)" />
			<line number="108"  hits="0"  branch="false" />
			<line number="109"  hits="0"  branch="false" />
			<line number="110"  hits="0"  branch="false" />
			<line number="111"  hits="0"  branch="false" />
			<line number="112"  hits="0"  branch="false" />
			<line number="116"  hits="6"  branch="false" />
			<line number="117"  hits="0"  branch="false" />
			<line number="118"  hits="0"  branch="false" />
			<line number="119"  hits="0"  branch="true"  condition-coverage="0% (0/2)" />
			<line number="120"  hits="0"  branch="false" />
			<line number="121"  hits="0"  branch="false" />
			<line number="124"  hits="0"  branch="false" />
			<line number="125"  hits="0"  branch="false" />
			<line number="126"  hits="0"  branch="false" />
			<line number="131"  hits="6"  branch="false" />
			<line number="132"  hits="0"  branch="false" />
			<line number="133"  hits="0"  branch="false" />
			<line number="136"  hits="6"  branch="false" />
			<line number="137"  hits="0"  branch="false" />
			<line number="138"  hits="0"  branch="true"  condition-coverage="0% (0/2)" />
			<line number="140"  hits="0"  branch="false" />
			<line number="148"  hits="6"  branch="false" />
			<line number="149"  hits="0"  branch="true"  condition-coverage="0% (0/2)" />
			<line number="150"  hits="0"  branch="false" />
			<line number="154"  hits="6"  branch="false" />
			<line number="155"  hits="6"  branch="false" />
			<line number="157"  hits="6"  branch="false" />
		</lines>
		</class>
	</classes>
	</package>
	<package name="map"  line-rate="0.8718"  branch-rate="0.4" >
	<classes>
		<class name="map.module.ts"  filename="source\map\map.module.ts"  line-rate="0.7333"  branch-rate="0" >
		<methods>
			<method name="(anonymous_1)"  hits="6"  signature="()V" >
				<lines><line number="37"  hits="6" /></lines>
			</method>
			<method name="(anonymous_2)"  hits="0"  signature="()V" >
				<lines><line number="51"  hits="0" /></lines>
			</method>
			<method name="(anonymous_3)"  hits="0"  signature="()V" >
				<lines><line number="53"  hits="0" /></lines>
			</method>
		</methods>
		<lines>
			<line number="2"  hits="2"  branch="false" />
			<line number="3"  hits="2"  branch="false" />
			<line number="4"  hits="2"  branch="false" />
			<line number="5"  hits="2"  branch="false" />
			<line number="6"  hits="2"  branch="false" />
			<line number="7"  hits="2"  branch="false" />
			<line number="28"  hits="2"  branch="false" />
			<line number="29"  hits="2"  branch="false" />
			<line number="30"  hits="2"  branch="false" />
			<line number="31"  hits="2"  branch="false" />
			<line number="38"  hits="6"  branch="false" />
			<line number="52"  hits="0"  branch="true"  condition-coverage="0% (0/2)" />
			<line number="53"  hits="0"  branch="false" />
			<line number="54"  hits="0"  branch="false" />
			<line number="57"  hits="0"  branch="false" />
		</lines>
		</class>
		<class name="map.service.ts"  filename="source\map\map.service.ts"  line-rate="1"  branch-rate="1" >
		<methods>
			<method name="(anonymous_1)"  hits="2"  signature="()V" >
				<lines><line number="2"  hits="2" /></lines>
			</method>
			<method name="MapService"  hits="1"  signature="()V" >
				<lines><line number="4"  hits="1" /></lines>
			</method>
			<method name="(anonymous_3)"  hits="1"  signature="()V" >
				<lines><line number="9"  hits="1" /></lines>
			</method>
			<method name="(anonymous_4)"  hits="1"  signature="()V" >
				<lines><line number="10"  hits="1" /></lines>
			</method>
			<method name="(anonymous_5)"  hits="3"  signature="()V" >
				<lines><line number="11"  hits="3" /></lines>
			</method>
		</methods>
		<lines>
			<line number="2"  hits="2"  branch="false" />
			<line number="4"  hits="1"  branch="false" />
			<line number="5"  hits="1"  branch="false" />
			<line number="6"  hits="1"  branch="false" />
			<line number="7"  hits="1"  branch="false" />
			<line number="9"  hits="2"  branch="false" />
			<line number="10"  hits="1"  branch="false" />
			<line number="11"  hits="1"  branch="false" />
			<line number="12"  hits="3"  branch="false" />
			<line number="16"  hits="2"  branch="false" />
			<line number="17"  hits="2"  branch="false" />
			<line number="19"  hits="2"  branch="false" />
		</lines>
		</class>
		<class name="mapwidget.controller.ts"  filename="source\map\mapwidget.controller.ts"  line-rate="0.8695999999999999"  branch-rate="0.5" >
		<methods>
			<method name="(anonymous_1)"  hits="2"  signature="()V" >
				<lines><line number="3"  hits="2" /></lines>
			</method>
			<method name="MapWidgetController"  hits="4"  signature="()V" >
				<lines><line number="5"  hits="4" /></lines>
			</method>
			<method name="(anonymous_3)"  hits="10"  signature="()V" >
				<lines><line number="26"  hits="10" /></lines>
			</method>
			<method name="(anonymous_4)"  hits="5"  signature="()V" >
				<lines><line number="26"  hits="5" /></lines>
			</method>
			<method name="(anonymous_5)"  hits="0"  signature="()V" >
				<lines><line number="30"  hits="0" /></lines>
			</method>
			<method name="(anonymous_6)"  hits="9"  signature="()V" >
				<lines><line number="34"  hits="9" /></lines>
			</method>
			<method name="(anonymous_7)"  hits="9"  signature="()V" >
				<lines><line number="36"  hits="9" /></lines>
			</method>
			<method name="(anonymous_8)"  hits="25"  signature="()V" >
				<lines><line number="37"  hits="25" /></lines>
			</method>
			<method name="(anonymous_9)"  hits="9"  signature="()V" >
				<lines><line number="40"  hits="9" /></lines>
			</method>
			<method name="(anonymous_10)"  hits="1"  signature="()V" >
				<lines><line number="44"  hits="1" /></lines>
			</method>
			<method name="(anonymous_11)"  hits="0"  signature="()V" >
				<lines><line number="47"  hits="0" /></lines>
			</method>
			<method name="(anonymous_12)"  hits="0"  signature="()V" >
				<lines><line number="55"  hits="0" /></lines>
			</method>
			<method name="(anonymous_13)"  hits="5"  signature="()V" >
				<lines><line number="58"  hits="5" /></lines>
			</method>
		</methods>
		<lines>
			<line number="2"  hits="2"  branch="false" />
			<line number="3"  hits="2"  branch="false" />
			<line number="5"  hits="1"  branch="false" />
			<line number="6"  hits="4"  branch="false" />
			<line number="7"  hits="4"  branch="false" />
			<line number="8"  hits="4"  branch="false" />
			<line number="9"  hits="4"  branch="false" />
			<line number="10"  hits="4"  branch="false" />
			<line number="11"  hits="4"  branch="false" />
			<line number="12"  hits="4"  branch="false" />
			<line number="13"  hits="4"  branch="false" />
			<line number="14"  hits="4"  branch="false" />
			<line number="15"  hits="4"  branch="false" />
			<line number="16"  hits="4"  branch="true"  condition-coverage="75% (3/4)" />
			<line number="17"  hits="4"  branch="false" />
			<line number="19"  hits="4"  branch="false" />
			<line number="20"  hits="4"  branch="false" />
			<line number="24"  hits="4"  branch="false" />
			<line number="25"  hits="4"  branch="false" />
			<line number="26"  hits="10"  branch="false" />
			<line number="27"  hits="5"  branch="false" />
			<line number="28"  hits="5"  branch="false" />
			<line number="30"  hits="4"  branch="false" />
			<line number="31"  hits="0"  branch="false" />
			<line number="34"  hits="2"  branch="false" />
			<line number="35"  hits="9"  branch="false" />
			<line number="36"  hits="9"  branch="false" />
			<line number="37"  hits="25"  branch="false" />
			<line number="39"  hits="9"  branch="false" />
			<line number="41"  hits="9"  branch="false" />
			<line number="44"  hits="2"  branch="false" />
			<line number="45"  hits="1"  branch="false" />
			<line number="47"  hits="2"  branch="false" />
			<line number="48"  hits="0"  branch="true"  condition-coverage="0% (0/2)" />
			<line number="49"  hits="0"  branch="false" />
			<line number="52"  hits="0"  branch="false" />
			<line number="55"  hits="2"  branch="false" />
			<line number="56"  hits="0"  branch="false" />
			<line number="58"  hits="2"  branch="false" />
			<line number="59"  hits="5"  branch="true"  condition-coverage="50% (1/2)" />
			<line number="60"  hits="0"  branch="false" />
			<line number="62"  hits="5"  branch="false" />
			<line number="63"  hits="5"  branch="false" />
			<line number="68"  hits="2"  branch="false" />
			<line number="69"  hits="2"  branch="false" />
			<line number="71"  hits="2"  branch="false" />
		</lines>
		</class>
		<class name="mapwidgetedit.controller.ts"  filename="source\map\mapwidgetedit.controller.ts"  line-rate="1"  branch-rate="1" >
		<methods>
			<method name="(anonymous_1)"  hits="2"  signature="()V" >
				<lines><line number="2"  hits="2" /></lines>
			</method>
			<method name="MapWidgetEditController"  hits="0"  signature="()V" >
				<lines><line number="4"  hits="0" /></lines>
			</method>
		</methods>
		<lines>
			<line number="2"  hits="2"  branch="false" />
			<line number="4"  hits="1"  branch="false" />
			<line number="6"  hits="2"  branch="false" />
			<line number="7"  hits="2"  branch="false" />
			<line number="9"  hits="2"  branch="false" />
		</lines>
		</class>
	</classes>
	</package>
	<package name="notifications"  line-rate="0.35710000000000003"  branch-rate="0" >
	<classes>
		<class name="notificationsdetails.controller.ts"  filename="source\notifications\notificationsdetails.controller.ts"  line-rate="0.35710000000000003"  branch-rate="0" >
		<methods>
			<method name="(anonymous_1)"  hits="6"  signature="()V" >
				<lines><line number="2"  hits="6" /></lines>
			</method>
			<method name="NotificationsDetailsController"  hits="0"  signature="()V" >
				<lines><line number="4"  hits="0" /></lines>
			</method>
			<method name="(anonymous_3)"  hits="0"  signature="()V" >
				<lines><line number="11"  hits="0" /></lines>
			</method>
		</methods>
		<lines>
			<line number="2"  hits="6"  branch="false" />
			<line number="4"  hits="1"  branch="false" />
			<line number="5"  hits="0"  branch="false" />
			<line number="6"  hits="0"  branch="false" />
			<line number="7"  hits="0"  branch="false" />
			<line number="8"  hits="0"  branch="false" />
			<line number="9"  hits="0"  branch="true"  condition-coverage="0% (0/2)" />
			<line number="10"  hits="0"  branch="false" />
			<line number="11"  hits="0"  branch="false" />
			<line number="12"  hits="0"  branch="false" />
			<line number="13"  hits="0"  branch="false" />
			<line number="17"  hits="6"  branch="false" />
			<line number="18"  hits="6"  branch="false" />
			<line number="20"  hits="6"  branch="false" />
		</lines>
		</class>
	</classes>
	</package>
</packages>
</coverage>
